============================= test session starts =============================
collecting ... collected 4828 items

tests/unit/test_dashboard_cli.py::TestColorize::test_no_color_returns_plain PASSED [  0%]
tests/unit/test_dashboard_cli.py::TestColorize::test_use_color_wraps_with_ansi PASSED [  0%]
tests/unit/test_dashboard_cli.py::TestColorize::test_unknown_tone_returns_text PASSED [  0%]
tests/unit/test_dashboard_cli.py::TestColorize::test_fail_tone_wraps_red_ish PASSED [  0%]
tests/unit/test_dashboard_cli.py::TestCodeToState::test_none_returns_unknown PASSED [  0%]
tests/unit/test_dashboard_cli.py::TestCodeToState::test_200_returns_ok PASSED [  0%]
tests/unit/test_dashboard_cli.py::TestCodeToState::test_404_returns_no_endpoint PASSED [  0%]
tests/unit/test_dashboard_cli.py::TestCodeToState::test_minus_one_returns_timeout PASSED [  0%]
tests/unit/test_dashboard_cli.py::TestCodeToState::test_minus_two_returns_down PASSED [  0%]
tests/unit/test_dashboard_cli.py::TestCodeToState::test_500_returns_http_500 PASSED [  0%]
tests/unit/test_dashboard_cli.py::TestCodeToState::test_401_returns_http_401 PASSED [  0%]
tests/unit/test_dashboard_cli.py::TestLoadLedger::test_valid_yaml_returns_dict PASSED [  0%]
tests/unit/test_dashboard_cli.py::TestLoadLedger::test_non_dict_root_raises_value_error PASSED [  0%]
tests/unit/test_dashboard_cli.py::TestLoadLedger::test_missing_file_raises_file_not_found PASSED [  0%]
tests/unit/test_dashboard_cli.py::TestNormalizeRows::test_correct_row_count PASSED [  0%]
tests/unit/test_dashboard_cli.py::TestNormalizeRows::test_section_assigned PASSED [  0%]
tests/unit/test_dashboard_cli.py::TestNormalizeRows::test_enabled_flag_parsed PASSED [  0%]
tests/unit/test_dashboard_cli.py::TestNormalizeRows::test_url_generated_from_port PASSED [  0%]
tests/unit/test_dashboard_cli.py::TestNormalizeRows::test_depends_on_parsed PASSED [  0%]
tests/unit/test_dashboard_cli.py::TestNormalizeRows::test_empty_ledger_returns_empty_list PASSED [  0%]
tests/unit/test_dashboard_cli.py::TestNormalizeRows::test_non_dict_section_skipped PASSED [  0%]
tests/unit/test_dashboard_cli.py::TestDependencyAlerts::test_no_deps_no_alerts PASSED [  0%]
tests/unit/test_dashboard_cli.py::TestDependencyAlerts::test_dep_ok_produces_ok_alert PASSED [  0%]
tests/unit/test_dashboard_cli.py::TestDependencyAlerts::test_missing_dep_flagged PASSED [  0%]
tests/unit/test_dashboard_cli.py::TestDependencyAlerts::test_disabled_dep_flagged PASSED [  0%]
tests/unit/test_dashboard_cli.py::TestDependencyAlerts::test_disabled_row_has_no_alerts PASSED [  0%]
tests/unit/test_dashboard_cli.py::TestDependencyAlerts::test_down_dep_flagged PASSED [  0%]
tests/unit/test_dashboard_cli.py::TestBuildRevDeps::test_no_deps_returns_empty PASSED [  0%]
tests/unit/test_dashboard_cli.py::TestBuildRevDeps::test_single_dep PASSED [  0%]
tests/unit/test_dashboard_cli.py::TestBuildRevDeps::test_multiple_dependants PASSED [  0%]
tests/unit/test_dashboard_cli.py::TestBfsBlast::test_no_dependants_returns_empty PASSED [  0%]
tests/unit/test_dashboard_cli.py::TestBfsBlast::test_direct_dependants PASSED [  0%]
tests/unit/test_dashboard_cli.py::TestBfsBlast::test_transitive_cascade PASSED [  0%]
tests/unit/test_dashboard_cli.py::TestBfsBlast::test_diamond_not_duplicated PASSED [  0%]
tests/unit/test_discover_modules.py::TestExtractDocstring::test_triple_quote_docstring PASSED [  0%]
tests/unit/test_discover_modules.py::TestExtractDocstring::test_hash_comment_fallback PASSED [  0%]
tests/unit/test_discover_modules.py::TestExtractDocstring::test_empty_file_returns_empty_string PASSED [  0%]
tests/unit/test_discover_modules.py::TestExtractDocstring::test_no_docstring_no_comment_returns_empty PASSED [  0%]
tests/unit/test_discover_modules.py::TestExtractDocstring::test_single_quote_docstring PASSED [  0%]
tests/unit/test_discover_modules.py::TestExtractDocstring::test_non_existent_file_returns_empty PASSED [  0%]
tests/unit/test_discover_modules.py::TestCheckSyntax::test_valid_python_returns_true_none PASSED [  0%]
tests/unit/test_discover_modules.py::TestCheckSyntax::test_syntax_error_returns_false_with_message PASSED [  0%]
tests/unit/test_discover_modules.py::TestCheckSyntax::test_empty_file_is_valid_python PASSED [  0%]
tests/unit/test_discover_modules.py::TestCheckSyntax::test_complex_valid_file PASSED [  0%]
tests/unit/test_discover_modules.py::TestCheckSyntax::test_indentation_error_returns_false PASSED [  0%]
tests/unit/test_discover_modules.py::TestFindFlaskRoutes::test_no_routes_returns_empty PASSED [  0%]
tests/unit/test_discover_modules.py::TestFindFlaskRoutes::test_single_route_found PASSED [  0%]
tests/unit/test_discover_modules.py::TestFindFlaskRoutes::test_multiple_routes_found PASSED [  0%]
tests/unit/test_discover_modules.py::TestFindFlaskRoutes::test_single_quote_route_found PASSED [  1%]
tests/unit/test_discover_modules.py::TestFindFlaskRoutes::test_non_existent_file_returns_empty PASSED [  1%]
tests/unit/test_events.py::TestEmit::test_creates_jsonl_file PASSED      [  1%]
tests/unit/test_events.py::TestEmit::test_record_has_required_fields PASSED [  1%]
tests/unit/test_events.py::TestEmit::test_appends_multiple_records PASSED [  1%]
tests/unit/test_events.py::TestEmit::test_none_service_and_detail_become_empty_string PASSED [  1%]
tests/unit/test_events.py::TestEmit::test_source_field_stored PASSED     [  1%]
tests/unit/test_events.py::TestEmit::test_time_format_is_iso_like PASSED [  1%]
tests/unit/test_events.py::TestEmit::test_slack_notify_events_fire_async PASSED [  1%]
tests/unit/test_events.py::TestEmit::test_non_slack_events_do_not_fire_async PASSED [  1%]
tests/unit/test_events.py::TestReadEvents::test_returns_empty_when_no_file PASSED [  1%]
tests/unit/test_events.py::TestReadEvents::test_returns_all_records_when_under_limit PASSED [  1%]
tests/unit/test_events.py::TestReadEvents::test_returns_last_n_records PASSED [  1%]
tests/unit/test_events.py::TestReadEvents::test_skips_malformed_json_lines PASSED [  1%]
tests/unit/test_events.py::TestReadEvents::test_returns_list_of_dicts PASSED [  1%]
tests/unit/test_events.py::TestMaybeRotate::test_no_rotate_when_below_threshold PASSED [  1%]
tests/unit/test_events.py::TestMaybeRotate::test_rotate_when_at_or_above_threshold PASSED [  1%]
tests/unit/test_events.py::TestMaybeRotate::test_no_error_when_file_absent PASSED [  1%]
tests/unit/test_excel_vision_simple.py::test_excel_vision_simple PASSED  [  1%]
tests/unit/test_file_secretary_engine.py::TestToList::test_none_returns_empty PASSED [  1%]
tests/unit/test_file_secretary_engine.py::TestToList::test_single_string PASSED [  1%]
tests/unit/test_file_secretary_engine.py::TestToList::test_list_preserved PASSED [  1%]
tests/unit/test_file_secretary_engine.py::TestToList::test_list_items_converted_to_str PASSED [  1%]
tests/unit/test_file_secretary_engine.py::TestToList::test_scalar_converted_to_str PASSED [  1%]
tests/unit/test_file_secretary_engine.py::TestFileMatches::test_no_constraints_always_matches PASSED [  1%]
tests/unit/test_file_secretary_engine.py::TestFileMatches::test_extension_match PASSED [  1%]
tests/unit/test_file_secretary_engine.py::TestFileMatches::test_extension_no_match PASSED [  1%]
tests/unit/test_file_secretary_engine.py::TestFileMatches::test_extension_case_insensitive PASSED [  1%]
tests/unit/test_file_secretary_engine.py::TestFileMatches::test_filename_contains_match PASSED [  1%]
tests/unit/test_file_secretary_engine.py::TestFileMatches::test_filename_contains_no_match PASSED [  1%]
tests/unit/test_file_secretary_engine.py::TestFileMatches::test_max_size_excludes_small_file PASSED [  1%]
tests/unit/test_file_secretary_engine.py::TestFileMatches::test_max_size_matches_large_file PASSED [  1%]
tests/unit/test_file_secretary_engine.py::TestFileMatches::test_combined_ext_and_contains_both_must_match PASSED [  1%]
tests/unit/test_file_secretary_engine.py::TestFileMatches::test_combined_ext_ok_but_contains_fails PASSED [  1%]
tests/unit/test_file_secretary_engine.py::TestSafeTargetPath::test_relative_target_under_inbox PASSED [  1%]
tests/unit/test_file_secretary_engine.py::TestSafeTargetPath::test_dot_target_stays_in_inbox PASSED [  1%]
tests/unit/test_file_secretary_engine.py::TestSafeTargetPath::test_path_traversal_raises PASSED [  1%]
tests/unit/test_file_secretary_engine.py::TestApplyAction::test_none_action_returns_skip PASSED [  1%]
tests/unit/test_file_secretary_engine.py::TestApplyAction::test_move_dry_run_no_actual_move PASSED [  1%]
tests/unit/test_file_secretary_engine.py::TestApplyAction::test_move_actually_moves_file PASSED [  1%]
tests/unit/test_file_secretary_engine.py::TestApplyAction::test_move_missing_target_returns_fail PASSED [  1%]
tests/unit/test_file_secretary_engine.py::TestApplyAction::test_tag_action_returns_tag_value PASSED [  1%]
tests/unit/test_file_secretary_engine.py::TestApplyAction::test_tag_missing_value_returns_fail PASSED [  1%]
tests/unit/test_file_secretary_engine.py::TestApplyAction::test_unsupported_action_returns_fail PASSED [  1%]
tests/unit/test_file_secretary_engine.py::TestLoadRules::test_basic_rule_parsed PASSED [  1%]
tests/unit/test_file_secretary_engine.py::TestLoadRules::test_defaults_parsed PASSED [  1%]
tests/unit/test_file_secretary_engine.py::TestLoadRules::test_empty_rules_list PASSED [  1%]
tests/unit/test_file_secretary_engine.py::TestLoadRules::test_non_dict_root_raises PASSED [  1%]
tests/unit/test_file_secretary_engine.py::TestLoadRules::test_unnamed_rule_gets_default_name PASSED [  2%]
tests/unit/test_heal.py::TestTopoSort::test_empty_targets PASSED         [  2%]
tests/unit/test_heal.py::TestTopoSort::test_no_deps_preserves_order PASSED [  2%]
tests/unit/test_heal.py::TestTopoSort::test_dep_comes_first PASSED       [  2%]
tests/unit/test_heal.py::TestTopoSort::test_chain_of_three PASSED        [  2%]
tests/unit/test_heal.py::TestTopoSort::test_dep_not_in_targets_is_ignored PASSED [  2%]
tests/unit/test_heal.py::TestTopoSort::test_unknown_service_handled_gracefully PASSED [  2%]
tests/unit/test_heal.py::TestTopoSort::test_diamond_dep_no_duplicates PASSED [  2%]
tests/unit/test_heal.py::TestIsAlive::test_health_url_200_returns_true PASSED [  2%]
tests/unit/test_heal.py::TestIsAlive::test_health_url_500_returns_false PASSED [  2%]
tests/unit/test_heal.py::TestIsAlive::test_health_url_exception_falls_back_to_port_ok PASSED [  2%]
tests/unit/test_heal.py::TestIsAlive::test_no_health_url_port_ok_returns_true PASSED [  2%]
tests/unit/test_heal.py::TestIsAlive::test_no_health_url_port_fail_returns_false PASSED [  2%]
tests/unit/test_heal.py::TestIsAlive::test_no_url_no_port_returns_false PASSED [  2%]
tests/unit/test_heal.py::TestStartServiceDryRun::test_no_start_cmd_returns_false PASSED [  2%]
tests/unit/test_heal.py::TestStartServiceDryRun::test_dry_run_returns_true_without_popen PASSED [  2%]
tests/unit/test_heal.py::TestStartServiceDryRun::test_dry_run_with_recovery_hint_in_log PASSED [  2%]
tests/unit/test_heal.py::TestStartServiceDryRun::test_dry_run_python_prefix_replaced PASSED [  2%]
tests/unit/test_heal.py::TestLoadLedger::test_basic_load PASSED          [  2%]
tests/unit/test_heal.py::TestLoadLedger::test_name_injected_from_key PASSED [  2%]
tests/unit/test_heal.py::TestLoadLedger::test_empty_ledger_returns_empty_dict PASSED [  2%]
tests/unit/test_heal.py::TestLoadLedger::test_missing_ledger_exits_2 PASSED [  2%]
tests/unit/test_health_check_all.py::TestCheckOne::test_200_json_healthy PASSED [  2%]
tests/unit/test_health_check_all.py::TestCheckOne::test_200_non_json_body_returns_ok PASSED [  2%]
tests/unit/test_health_check_all.py::TestCheckOne::test_4xx_treated_as_healthy PASSED [  2%]
tests/unit/test_health_check_all.py::TestCheckOne::test_5xx_treated_as_error PASSED [  2%]
tests/unit/test_health_check_all.py::TestCheckOne::test_remote_disconnected_returns_alive PASSED [  2%]
tests/unit/test_health_check_all.py::TestCheckOne::test_connection_error_returns_offline PASSED [  2%]
tests/unit/test_health_check_all.py::TestCheckOne::test_tags_preserved PASSED [  2%]
tests/unit/test_health_check_all.py::TestLoadLedgerServices::test_enabled_service_included PASSED [  2%]
tests/unit/test_health_check_all.py::TestLoadLedgerServices::test_disabled_service_excluded PASSED [  2%]
tests/unit/test_health_check_all.py::TestLoadLedgerServices::test_url_generated_from_port PASSED [  2%]
tests/unit/test_health_check_all.py::TestLoadLedgerServices::test_explicit_url_preserved PASSED [  2%]
tests/unit/test_health_check_all.py::TestLoadLedgerServices::test_optional_section_included PASSED [  2%]
tests/unit/test_health_check_all.py::TestLoadLedgerServices::test_empty_ledger_returns_empty_list PASSED [  2%]
tests/unit/test_image_generation_api_auth.py::TestAuthContext::test_free_context PASSED [  2%]
tests/unit/test_image_generation_api_auth.py::TestAuthContext::test_enterprise_context PASSED [  2%]
tests/unit/test_image_generation_api_auth.py::TestAuthContext::test_pro_context PASSED [  2%]
tests/unit/test_image_generation_api_auth.py::TestRateLimiter::test_allows_within_limit PASSED [  2%]
tests/unit/test_image_generation_api_auth.py::TestRateLimiter::test_blocks_over_limit PASSED [  2%]
tests/unit/test_image_generation_api_auth.py::TestRateLimiter::test_separate_keys PASSED [  2%]
tests/unit/test_image_generation_api_auth.py::TestRateLimiter::test_window_expiration PASSED [  2%]
tests/unit/test_image_generation_api_auth.py::TestAuthIntegration::test_default_key_validates PASSED [  2%]
tests/unit/test_image_generation_api_auth.py::TestAuthIntegration::test_invalid_key PASSED [  2%]
tests/unit/test_image_generation_api_auth.py::TestAuthIntegration::test_deactivated_key PASSED [  2%]
tests/unit/test_image_generation_batch.py::TestBatchResult::test_empty_result PASSED [  2%]
tests/unit/test_image_generation_batch.py::TestBatchResult::test_with_data PASSED [  2%]
tests/unit/test_image_generation_batch.py::TestBatchGenerator::test_generate_batch_picks_best PASSED [  2%]
tests/unit/test_image_generation_batch.py::TestBatchGenerator::test_generate_batch_speed_strategy PASSED [  3%]
tests/unit/test_image_generation_batch.py::TestBatchGenerator::test_generate_batch_count_clamped PASSED [  3%]
tests/unit/test_image_generation_batch.py::TestBatchGenerator::test_generate_batch_handles_exceptions PASSED [  3%]
tests/unit/test_image_generation_batch.py::TestBatchGenerator::test_generate_batch_all_fail PASSED [  3%]
tests/unit/test_image_generation_batch.py::TestBatchGenerator::test_generate_batch_total_cost PASSED [  3%]
tests/unit/test_image_generation_batch.py::TestBatchGenerator::test_ab_compare_a_wins PASSED [  3%]
tests/unit/test_image_generation_batch.py::TestBatchGenerator::test_ab_compare_b_wins PASSED [  3%]
tests/unit/test_image_generation_batch.py::TestBatchGenerator::test_ab_compare_handles_exception PASSED [  3%]
tests/unit/test_image_generation_billing.py::TestPlanLimits::test_free_plan PASSED [  3%]
tests/unit/test_image_generation_billing.py::TestPlanLimits::test_pro_plan PASSED [  3%]
tests/unit/test_image_generation_billing.py::TestPlanLimits::test_enterprise_plan PASSED [  3%]
tests/unit/test_image_generation_billing.py::TestBillingManager::test_init PASSED [  3%]
tests/unit/test_image_generation_billing.py::TestBillingManager::test_default_plan_is_enterprise PASSED [  3%]
tests/unit/test_image_generation_billing.py::TestBillingManager::test_create_api_key PASSED [  3%]
tests/unit/test_image_generation_billing.py::TestBillingManager::test_duplicate_api_key PASSED [  3%]
tests/unit/test_image_generation_billing.py::TestBillingManager::test_deactivate_api_key PASSED [  3%]
tests/unit/test_image_generation_billing.py::TestBillingManager::test_unknown_key_is_free PASSED [  3%]
tests/unit/test_image_generation_billing.py::TestBillingManager::test_check_quota_enterprise_unlimited PASSED [  3%]
tests/unit/test_image_generation_billing.py::TestBillingManager::test_check_quota_free_limited PASSED [  3%]
tests/unit/test_image_generation_billing.py::TestBillingManager::test_remaining_quota PASSED [  3%]
tests/unit/test_image_generation_billing.py::TestBillingManager::test_check_resolution PASSED [  3%]
tests/unit/test_image_generation_billing.py::TestBillingManager::test_estimate_cost PASSED [  3%]
tests/unit/test_image_generation_billing.py::TestBillingManager::test_record_usage PASSED [  3%]
tests/unit/test_image_generation_billing.py::TestBillingManager::test_billing_dashboard PASSED [  3%]
tests/unit/test_image_generation_billing.py::TestBillingManager::test_register_user_creates_api_key PASSED [  3%]
tests/unit/test_image_generation_billing.py::TestBillingManager::test_register_user_returns_existing_user PASSED [  3%]
tests/unit/test_image_generation_customer_memory.py::TestDefaultProfile::test_default_profile_structure PASSED [  3%]
tests/unit/test_image_generation_customer_memory.py::TestDefaultProfile::test_default_profile_has_timestamps PASSED [  3%]
tests/unit/test_image_generation_customer_memory.py::TestRecordGeneration::test_record_increments_count PASSED [  3%]
tests/unit/test_image_generation_customer_memory.py::TestRecordGeneration::test_record_tracks_style PASSED [  3%]
tests/unit/test_image_generation_customer_memory.py::TestRecordGeneration::test_record_saves_quality_scores PASSED [  3%]
tests/unit/test_image_generation_customer_memory.py::TestRecordGeneration::test_record_saves_favorite_high_rated PASSED [  3%]
tests/unit/test_image_generation_customer_memory.py::TestRecordGeneration::test_record_skips_favorite_low_rated PASSED [  3%]
tests/unit/test_image_generation_customer_memory.py::TestSmartDefaults::test_suggests_favorite_style PASSED [  3%]
tests/unit/test_image_generation_customer_memory.py::TestSmartDefaults::test_no_style_suggestion_below_threshold PASSED [  3%]
tests/unit/test_image_generation_customer_memory.py::TestSmartDefaults::test_suggests_avg_params PASSED [  3%]
tests/unit/test_image_generation_customer_memory.py::TestSmartDefaults::test_empty_profile_returns_basics PASSED [  3%]
tests/unit/test_image_generation_customer_memory.py::TestCustomerAnalytics::test_analytics_with_data PASSED [  3%]
tests/unit/test_image_generation_feedback.py::TestFeedbackSubmit::test_submit_basic PASSED [  3%]
tests/unit/test_image_generation_feedback.py::TestFeedbackSubmit::test_submit_with_all_fields PASSED [  3%]
tests/unit/test_image_generation_feedback.py::TestFeedbackSubmit::test_invalid_rating_too_low PASSED [  3%]
tests/unit/test_image_generation_feedback.py::TestFeedbackSubmit::test_invalid_rating_too_high PASSED [  3%]
tests/unit/test_image_generation_feedback.py::TestFeedbackQuery::test_get_feedback_for_job PASSED [  3%]
tests/unit/test_image_generation_feedback.py::TestFeedbackQuery::test_get_aggregate_stats PASSED [  3%]
tests/unit/test_image_generation_feedback.py::TestFeedbackQuery::test_get_low_rated_jobs PASSED [  3%]
tests/unit/test_image_generation_feedback.py::TestFeedbackQuery::test_get_popular_tags PASSED [  3%]
tests/unit/test_image_generation_feedback.py::TestFeedbackCorrelation::test_correlation_with_data PASSED [  3%]
tests/unit/test_image_generation_feedback.py::TestFeedbackCorrelation::test_correlation_empty PASSED [  3%]
tests/unit/test_image_generation_feedback.py::TestFeedbackCorrelation::test_aggregate_stats_empty PASSED [  3%]
tests/unit/test_image_generation_gpu_monitor.py::TestGPUStatus::test_memory_utilization PASSED [  4%]
tests/unit/test_image_generation_gpu_monitor.py::TestGPUStatus::test_memory_utilization_zero_total PASSED [  4%]
tests/unit/test_image_generation_gpu_monitor.py::TestGPUStatus::test_is_idle PASSED [  4%]
tests/unit/test_image_generation_gpu_monitor.py::TestGPUStatus::test_is_overheating PASSED [  4%]
tests/unit/test_image_generation_gpu_monitor.py::TestGPUStatus::test_is_warm PASSED [  4%]
tests/unit/test_image_generation_gpu_monitor.py::TestGPUStatus::test_has_enough_vram PASSED [  4%]
tests/unit/test_image_generation_gpu_monitor.py::TestGPUStatus::test_can_accept_job_normal PASSED [  4%]
tests/unit/test_image_generation_gpu_monitor.py::TestGPUStatus::test_can_accept_job_overheating PASSED [  4%]
tests/unit/test_image_generation_gpu_monitor.py::TestGPUStatus::test_can_accept_job_low_vram PASSED [  4%]
tests/unit/test_image_generation_gpu_monitor.py::TestGPUMonitor::test_poll_stores_history PASSED [  4%]
tests/unit/test_image_generation_gpu_monitor.py::TestGPUMonitor::test_history_size_limit PASSED [  4%]
tests/unit/test_image_generation_gpu_monitor.py::TestGPUMonitor::test_current_returns_latest PASSED [  4%]
tests/unit/test_image_generation_gpu_monitor.py::TestGPUMonitor::test_can_accept_job_delegates PASSED [  4%]
tests/unit/test_image_generation_gpu_monitor.py::TestGPUMonitor::test_get_summary PASSED [  4%]
tests/unit/test_image_generation_gpu_monitor.py::TestGPUMonitor::test_get_summary_no_gpu PASSED [  4%]
tests/unit/test_image_generation_gpu_monitor.py::TestGPUMonitor::test_history_stats PASSED [  4%]
tests/unit/test_image_generation_gpu_monitor.py::TestGPUMonitor::test_history_stats_empty PASSED [  4%]
tests/unit/test_image_generation_metrics.py::TestCounter::test_inc_default PASSED [  4%]
tests/unit/test_image_generation_metrics.py::TestCounter::test_inc_by_value PASSED [  4%]
tests/unit/test_image_generation_metrics.py::TestCounter::test_inc_multiple_labels PASSED [  4%]
tests/unit/test_image_generation_metrics.py::TestCounter::test_get_missing_label PASSED [  4%]
tests/unit/test_image_generation_metrics.py::TestCounter::test_items PASSED [  4%]
tests/unit/test_image_generation_metrics.py::TestGauge::test_set_and_get PASSED [  4%]
tests/unit/test_image_generation_metrics.py::TestGauge::test_inc PASSED  [  4%]
tests/unit/test_image_generation_metrics.py::TestGauge::test_items PASSED [  4%]
tests/unit/test_image_generation_metrics.py::TestHistogram::test_observe PASSED [  4%]
tests/unit/test_image_generation_metrics.py::TestHistogram::test_multiple_labels PASSED [  4%]
tests/unit/test_image_generation_metrics.py::TestHistogram::test_empty_histogram PASSED [  4%]
tests/unit/test_image_generation_metrics.py::TestRecordHelpers::test_record_generation PASSED [  4%]
tests/unit/test_image_generation_metrics.py::TestRecordHelpers::test_record_api_request PASSED [  4%]
tests/unit/test_image_generation_metrics.py::TestRecordHelpers::test_update_queue_depth PASSED [  4%]
tests/unit/test_image_generation_metrics.py::TestExport::test_prometheus_format PASSED [  4%]
tests/unit/test_image_generation_metrics.py::TestExport::test_json_format PASSED [  4%]
tests/unit/test_image_generation_models.py::TestImageGenerateRequest::test_minimal_request PASSED [  4%]
tests/unit/test_image_generation_models.py::TestImageGenerateRequest::test_full_request PASSED [  4%]
tests/unit/test_image_generation_models.py::TestImageGenerateRequest::test_prompt_too_short PASSED [  4%]
tests/unit/test_image_generation_models.py::TestImageGenerateRequest::test_width_bounds PASSED [  4%]
tests/unit/test_image_generation_models.py::TestImageGenerateRequest::test_steps_bounds PASSED [  4%]
tests/unit/test_image_generation_models.py::TestImageGenerateRequest::test_cfg_bounds PASSED [  4%]
tests/unit/test_image_generation_models.py::TestImageGenerateRequest::test_batch_size_bounds PASSED [  4%]
tests/unit/test_image_generation_models.py::TestQualityScore::test_all_none PASSED [  4%]
tests/unit/test_image_generation_models.py::TestQualityScore::test_valid_scores PASSED [  4%]
tests/unit/test_image_generation_models.py::TestQualityScore::test_clip_score_bounds PASSED [  4%]
tests/unit/test_image_generation_models.py::TestQualityScore::test_aesthetic_score_bounds PASSED [  4%]
tests/unit/test_image_generation_models.py::TestImageGenerateResponse::test_default_response PASSED [  4%]
tests/unit/test_image_generation_models.py::TestImageGenerateResponse::test_completed_response PASSED [  4%]
tests/unit/test_image_generation_models.py::TestJobStatus::test_all_statuses PASSED [  4%]
tests/unit/test_image_generation_models.py::TestStylePreset::test_all_presets PASSED [  4%]
tests/unit/test_image_generation_models.py::TestErrorResponse::test_basic_error PASSED [  5%]
tests/unit/test_image_generation_models.py::TestErrorResponse::test_error_with_detail PASSED [  5%]
tests/unit/test_image_generation_payment_revenue.py::TestStripePayment::test_stub_when_no_key PASSED [  5%]
tests/unit/test_image_generation_payment_revenue.py::TestStripePayment::test_stub_with_placeholder_key PASSED [  5%]
tests/unit/test_image_generation_payment_revenue.py::TestKomojuPayment::test_stub_when_no_key PASSED [  5%]
tests/unit/test_image_generation_payment_revenue.py::TestKomojuPayment::test_unknown_plan_returns_error PASSED [  5%]
tests/unit/test_image_generation_payment_revenue.py::TestSubscriptionActivation::test_activate_by_email PASSED [  5%]
tests/unit/test_image_generation_payment_revenue.py::TestSubscriptionActivation::test_activate_by_api_key PASSED [  5%]
tests/unit/test_image_generation_payment_revenue.py::TestSubscriptionActivation::test_activate_unknown_user_fails PASSED [  5%]
tests/unit/test_image_generation_payment_revenue.py::TestSubscriptionActivation::test_activate_invalid_plan_fails PASSED [  5%]
tests/unit/test_image_generation_payment_revenue.py::TestRevenueKpiEndpoint::test_compute_loop_health_zero PASSED [  5%]
tests/unit/test_image_generation_payment_revenue.py::TestRevenueKpiEndpoint::test_compute_loop_health_growing PASSED [  5%]
tests/unit/test_image_generation_payment_revenue.py::TestRevenueKpiEndpoint::test_compute_loop_health_thriving PASSED [  5%]
tests/unit/test_image_generation_payment_revenue.py::TestRlBridgeRevenue::test_end_image_task_with_revenue_graceful_degrade PASSED [  5%]
tests/unit/test_image_generation_payment_revenue.py::TestRlBridgeRevenue::test_end_image_task_with_revenue_roi_metadata PASSED [  5%]
tests/unit/test_image_generation_queue.py::TestJobQueue::test_enqueue_dequeue PASSED [  5%]
tests/unit/test_image_generation_queue.py::TestJobQueue::test_priority_ordering PASSED [  5%]
tests/unit/test_image_generation_queue.py::TestJobQueue::test_max_concurrent_limit PASSED [  5%]
tests/unit/test_image_generation_queue.py::TestJobQueue::test_complete PASSED [  5%]
tests/unit/test_image_generation_queue.py::TestJobQueue::test_fail PASSED [  5%]
tests/unit/test_image_generation_queue.py::TestJobQueue::test_empty_dequeue PASSED [  5%]
tests/unit/test_image_generation_queue.py::TestJobQueue::test_queue_length PASSED [  5%]
tests/unit/test_image_generation_queue.py::TestJobQueue::test_get_position PASSED [  5%]
tests/unit/test_image_generation_queue.py::TestJobQueue::test_get_stats PASSED [  5%]
tests/unit/test_image_generation_queue.py::TestJobQueue::test_processing_count PASSED [  5%]
tests/unit/test_image_generation_router_commercial.py::TestCommercialRouterSource::test_payment_endpoints_declared PASSED [  5%]
tests/unit/test_image_generation_router_commercial.py::TestCommercialRouterSource::test_signup_endpoint_declared PASSED [  5%]
tests/unit/test_image_generation_router_commercial.py::TestCommercialRouterSource::test_dashboard_endpoint_declared PASSED [  5%]
tests/unit/test_image_generation_router_commercial.py::TestCommercialRouterSource::test_dynamic_job_route_is_after_dashboard PASSED [  5%]
tests/unit/test_image_generation_router_commercial.py::TestCommercialRouterSource::test_dynamic_result_route_is_after_dashboard PASSED [  5%]
tests/unit/test_image_generation_router_commercial.py::TestCommercialRouterSource::test_file_exists PASSED [  5%]
tests/unit/test_japanese_ocr.py::TestJapaneseOCR::test_image_to_string_called_with_image PASSED [  5%]
tests/unit/test_japanese_ocr.py::TestJapaneseOCR::test_handles_exception_gracefully PASSED [  5%]
tests/unit/test_japanese_ocr.py::TestJapaneseOCR::test_get_languages_returns_list PASSED [  5%]
tests/unit/test_lm_studio_model_selector.py::TestEnvInt::test_env_set_returns_int PASSED [  5%]
tests/unit/test_lm_studio_model_selector.py::TestEnvInt::test_env_unset_returns_default PASSED [  5%]
tests/unit/test_lm_studio_model_selector.py::TestEnvInt::test_env_non_numeric_returns_default PASSED [  5%]
tests/unit/test_lm_studio_model_selector.py::TestSafeLower::test_uppercase_to_lower PASSED [  5%]
tests/unit/test_lm_studio_model_selector.py::TestSafeLower::test_strips_whitespace PASSED [  5%]
tests/unit/test_lm_studio_model_selector.py::TestSafeLower::test_already_lower_unchanged PASSED [  5%]
tests/unit/test_lm_studio_model_selector.py::TestShouldSkip::test_skip_substring_present_returns_true PASSED [  5%]
tests/unit/test_lm_studio_model_selector.py::TestShouldSkip::test_no_match_returns_false PASSED [  5%]
tests/unit/test_lm_studio_model_selector.py::TestShouldSkip::test_empty_skip_list_never_skips PASSED [  5%]
tests/unit/test_lm_studio_model_selector.py::TestShouldSkip::test_case_insensitive_skip PASSED [  5%]
tests/unit/test_lm_studio_model_selector.py::TestShouldSkip::test_multiple_substrings_any_match_skips PASSED [  5%]
tests/unit/test_lm_studio_model_selector.py::TestShouldSkip::test_empty_substring_ignored PASSED [  5%]
tests/unit/test_lm_studio_model_selector.py::TestCacheRoundtrip::test_save_then_load PASSED [  5%]
tests/unit/test_lm_studio_model_selector.py::TestCacheRoundtrip::test_load_missing_file_returns_none PASSED [  5%]
tests/unit/test_lm_studio_model_selector.py::TestCacheRoundtrip::test_load_invalid_json_returns_none PASSED [  6%]
tests/unit/test_lm_studio_model_selector.py::TestCacheRoundtrip::test_save_creates_parent_dirs PASSED [  6%]
tests/unit/test_lm_studio_model_selector.py::TestListLmStudioModels::test_returns_model_ids PASSED [  6%]
tests/unit/test_lm_studio_model_selector.py::TestListLmStudioModels::test_empty_data_returns_empty_list PASSED [  6%]
tests/unit/test_lm_studio_model_selector.py::TestListLmStudioModels::test_non_dict_response_returns_empty PASSED [  6%]
tests/unit/test_lm_studio_model_selector.py::TestListLmStudioModels::test_items_without_id_skipped PASSED [  6%]
tests/unit/test_local_oss_absorption.py::test_status_reads_profile PASSED [  6%]
tests/unit/test_local_oss_absorption.py::test_execute_with_context_and_note PASSED [  6%]
tests/unit/test_local_oss_absorption.py::test_execute_returns_unavailable_when_oh_missing PASSED [  6%]
tests/unit/test_manaosctl.py::TestC::test_wraps_with_color_and_reset PASSED [  6%]
tests/unit/test_manaosctl.py::TestC::test_empty_color_string PASSED      [  6%]
tests/unit/test_manaosctl.py::TestC::test_cyan_wrapping PASSED           [  6%]
tests/unit/test_manaosctl.py::TestC::test_bold_wrapping PASSED           [  6%]
tests/unit/test_manaosctl.py::TestSendNotify::test_slack_path_returns_slack PASSED [  6%]
tests/unit/test_manaosctl.py::TestSendNotify::test_slack_5xx_falls_to_ntfy PASSED [  6%]
tests/unit/test_manaosctl.py::TestSendNotify::test_no_slack_url_goes_to_ntfy PASSED [  6%]
tests/unit/test_manaosctl.py::TestSendNotify::test_all_fail_returns_failed PASSED [  6%]
tests/unit/test_manaosctl.py::TestSendNotify::test_slack_url_from_env_file PASSED [  6%]
tests/unit/test_manaosctl.py::TestSendNotify::test_ntfy_topic_from_env PASSED [  6%]
tests/unit/test_new_enhancements.py::TestOpenAPIGeneration::test_openapi_spec_available PASSED [  6%]
tests/unit/test_new_enhancements.py::TestOpenAPIGeneration::test_openapi_spec_has_required_fields PASSED [  6%]
tests/unit/test_new_enhancements.py::TestOpenAPIGeneration::test_openapi_includes_health_endpoint PASSED [  6%]
tests/unit/test_new_enhancements.py::TestOpenAPIGeneration::test_swagger_ui_available PASSED [  6%]
tests/unit/test_new_enhancements.py::TestHealthCheckOptimization::test_health_endpoint_fast PASSED [  6%]
tests/unit/test_new_enhancements.py::TestHealthCheckOptimization::test_health_response_format PASSED [  6%]
tests/unit/test_new_enhancements.py::TestHealthCheckOptimization::test_ready_endpoint_available PASSED [  6%]
tests/unit/test_new_enhancements.py::TestHealthCheckOptimization::test_status_endpoint_consistent PASSED [  6%]
tests/unit/test_new_enhancements.py::TestAPISecurityHeaders::test_cors_headers_present PASSED [  6%]
tests/unit/test_new_enhancements.py::TestAPISecurityHeaders::test_json_content_type PASSED [  6%]
tests/unit/test_new_enhancements.py::TestIntegrationEndpoints::test_integrations_status_requires_auth PASSED [  6%]
tests/unit/test_new_enhancements.py::TestIntegrationEndpoints::test_health_returns_valid_json PASSED [  6%]
tests/unit/test_new_enhancements.py::TestPerformance::test_concurrent_health_checks PASSED [  6%]
tests/unit/test_new_enhancements.py::TestPerformance::test_openapi_caching PASSED [  6%]
tests/unit/test_new_enhancements.py::TestErrorHandling::test_invalid_endpoint PASSED [  6%]
tests/unit/test_new_enhancements.py::TestErrorHandling::test_invalid_json_payload PASSED [  6%]
tests/unit/test_personality_self_check.py::TestGetNested::test_single_key PASSED [  6%]
tests/unit/test_personality_self_check.py::TestGetNested::test_nested_key PASSED [  6%]
tests/unit/test_personality_self_check.py::TestGetNested::test_missing_key_raises_key_error PASSED [  6%]
tests/unit/test_personality_self_check.py::TestGetNested::test_missing_intermediate_key_raises PASSED [  6%]
tests/unit/test_personality_self_check.py::TestGetNested::test_non_dict_raises_when_traversing PASSED [  6%]
tests/unit/test_personality_self_check.py::TestGetNested::test_value_is_none_returned PASSED [  6%]
tests/unit/test_personality_self_check.py::TestGetNested::test_value_is_list PASSED [  6%]
tests/unit/test_personality_self_check.py::TestGetNested::test_value_is_false PASSED [  6%]
tests/unit/test_personality_self_check.py::TestCheckFileExists::test_existing_file_returns_true PASSED [  6%]
tests/unit/test_personality_self_check.py::TestCheckFileExists::test_missing_file_returns_false PASSED [  6%]
tests/unit/test_personality_self_check.py::TestCheckFileExists::test_nested_path PASSED [  6%]
tests/unit/test_personality_self_check.py::TestCheckFileExists::test_missing_path_key_treats_as_root PASSED [  6%]
tests/unit/test_personality_self_check.py::TestCheckFileExists::test_detail_contains_exists_field PASSED [  6%]
tests/unit/test_personality_self_check.py::TestFetchJson::test_cache_returns_cached_value PASSED [  7%]
tests/unit/test_personality_self_check.py::TestFetchJson::test_successful_request_stored_in_cache PASSED [  7%]
tests/unit/test_personality_self_check.py::TestFetchJson::test_cache_key_includes_api_key PASSED [  7%]
tests/unit/test_personality_self_check.py::TestFetchJson::test_non_json_response_falls_back_to_raw_text PASSED [  7%]
tests/unit/test_personality_self_check.py::TestFetchJson::test_second_call_uses_cache_not_http PASSED [  7%]
tests/unit/test_personality_system_prompt.py::test_report_context_keeps_philosophy_sections PASSED [  7%]
tests/unit/test_personality_system_prompt.py::test_conversation_context_with_memory_snippets PASSED [  7%]
tests/unit/test_personality_system_prompt.py::test_fetch_memory_snippets_supports_value_field PASSED [  7%]
tests/unit/test_personality_system_prompt.py::test_fetch_memory_snippets_retries_with_tokenized_query PASSED [  7%]
tests/unit/test_revenue_anomaly.py::TestComputeTrend::test_empty_list PASSED [  7%]
tests/unit/test_revenue_anomaly.py::TestComputeTrend::test_single_value PASSED [  7%]
tests/unit/test_revenue_anomaly.py::TestComputeTrend::test_rising_trend PASSED [  7%]
tests/unit/test_revenue_anomaly.py::TestComputeTrend::test_falling_trend PASSED [  7%]
tests/unit/test_revenue_anomaly.py::TestComputeTrend::test_stable_trend PASSED [  7%]
tests/unit/test_revenue_anomaly.py::TestComputeTrend::test_zero_to_positive PASSED [  7%]
tests/unit/test_revenue_anomaly.py::TestComputeTrend::test_all_zero PASSED [  7%]
tests/unit/test_revenue_anomaly.py::TestComputeTrend::test_avg_fields_present PASSED [  7%]
tests/unit/test_revenue_anomaly.py::TestAnalyzeRevenueAnomalies::test_unavailable_detector PASSED [  7%]
tests/unit/test_revenue_anomaly.py::TestAnalyzeRevenueAnomalies::test_empty_data PASSED [  7%]
tests/unit/test_revenue_anomaly.py::TestAnalyzeRevenueAnomalies::test_normal_data_no_alerts PASSED [  7%]
tests/unit/test_revenue_anomaly.py::TestAnalyzeRevenueAnomalies::test_alert_returned PASSED [  7%]
tests/unit/test_revenue_anomaly.py::TestAnalyzeRevenueAnomalies::test_score_normalization PASSED [  7%]
tests/unit/test_revenue_anomaly.py::TestAnalyzeRevenueAnomalies::test_outcome_mapping PASSED [  7%]
tests/unit/test_revenue_anomaly.py::TestGetAnomalySummary::test_unavailable PASSED [  7%]
tests/unit/test_revenue_anomaly.py::TestGetAnomalySummary::test_with_detector PASSED [  7%]
tests/unit/test_revenue_anomaly.py::TestLazyDetector::test_init_once_only PASSED [  7%]
tests/unit/test_revenue_anomaly.py::TestLazyDetector::test_graceful_degrade_on_import_error PASSED [  7%]
tests/unit/test_revenue_autotuner.py::TestClamp::test_within_range PASSED [  7%]
tests/unit/test_revenue_autotuner.py::TestClamp::test_below_min PASSED   [  7%]
tests/unit/test_revenue_autotuner.py::TestClamp::test_above_max PASSED   [  7%]
tests/unit/test_revenue_autotuner.py::TestClamp::test_exact_min PASSED   [  7%]
tests/unit/test_revenue_autotuner.py::TestClamp::test_exact_max PASSED   [  7%]
tests/unit/test_revenue_autotuner.py::TestComputeTuneStrategy::test_stabilize_on_spike PASSED [  7%]
tests/unit/test_revenue_autotuner.py::TestComputeTuneStrategy::test_explore_on_falling PASSED [  7%]
tests/unit/test_revenue_autotuner.py::TestComputeTuneStrategy::test_explore_on_negative_change PASSED [  7%]
tests/unit/test_revenue_autotuner.py::TestComputeTuneStrategy::test_plateau_break_with_alerts PASSED [  7%]
tests/unit/test_revenue_autotuner.py::TestComputeTuneStrategy::test_plateau_break_with_low_health PASSED [  7%]
tests/unit/test_revenue_autotuner.py::TestComputeTuneStrategy::test_exploit_on_rising PASSED [  7%]
tests/unit/test_revenue_autotuner.py::TestComputeTuneStrategy::test_maintain_default PASSED [  7%]
tests/unit/test_revenue_autotuner.py::TestComputeTuneStrategy::test_stabilize_takes_priority PASSED [  7%]
tests/unit/test_revenue_autotuner.py::TestAutoTune::test_explore_increases_lr_and_temp PASSED [  7%]
tests/unit/test_revenue_autotuner.py::TestAutoTune::test_exploit_decreases_lr_and_temp PASSED [  7%]
tests/unit/test_revenue_autotuner.py::TestAutoTune::test_plateau_break_aggressive PASSED [  7%]
tests/unit/test_revenue_autotuner.py::TestAutoTune::test_stabilize_decreases_all PASSED [  7%]
tests/unit/test_revenue_autotuner.py::TestAutoTune::test_maintain_no_actions PASSED [  7%]
tests/unit/test_revenue_autotuner.py::TestAutoTune::test_no_params_defaults PASSED [  7%]
tests/unit/test_revenue_autotuner.py::TestAutoTune::test_report_has_timestamp PASSED [  7%]
tests/unit/test_revenue_autotuner.py::TestAutoTune::test_report_revenue_signal PASSED [  7%]
tests/unit/test_revenue_autotuner.py::TestAutoTune::test_clamp_respects_lr_range PASSED [  7%]
tests/unit/test_revenue_autotuner.py::TestAutoTune::test_clamp_respects_temp_range PASSED [  8%]
tests/unit/test_revenue_autotuner.py::TestDataclasses::test_tune_action_to_dict PASSED [  8%]
tests/unit/test_revenue_autotuner.py::TestDataclasses::test_tune_report_to_dict PASSED [  8%]
tests/unit/test_revenue_autotuner.py::TestDataclasses::test_empty_report_to_dict PASSED [  8%]
tests/unit/test_revenue_autotuner.py::TestEstimateHealth::test_maintain_returns_same PASSED [  8%]
tests/unit/test_revenue_autotuner.py::TestEstimateHealth::test_explore_boost PASSED [  8%]
tests/unit/test_revenue_autotuner.py::TestEstimateHealth::test_exploit_boost PASSED [  8%]
tests/unit/test_revenue_autotuner.py::TestEstimateHealth::test_plateau_break_boost PASSED [  8%]
tests/unit/test_revenue_autotuner.py::TestEstimateHealth::test_stabilize_boost PASSED [  8%]
tests/unit/test_revenue_autotuner.py::TestEstimateHealth::test_capped_at_100 PASSED [  8%]
tests/unit/test_revenue_autotuner.py::TestApplyTune::test_apply_lr_and_temp PASSED [  8%]
tests/unit/test_revenue_autotuner.py::TestApplyTune::test_apply_z_threshold PASSED [  8%]
tests/unit/test_revenue_autotuner.py::TestApplyTune::test_apply_curriculum_thresholds PASSED [  8%]
tests/unit/test_revenue_autotuner.py::TestApplyTune::test_unknown_param_skipped PASSED [  8%]
tests/unit/test_revenue_autotuner.py::TestApplyTune::test_orchestrator_unavailable PASSED [  8%]
tests/unit/test_revenue_autotuner.py::TestApplyTune::test_empty_actions PASSED [  8%]
tests/unit/test_revenue_history_alerts.py::TestRevenueWriterHistory::test_get_daily_history PASSED [  8%]
tests/unit/test_revenue_history_alerts.py::TestRevenueWriterHistory::test_get_daily_history_empty_db PASSED [  8%]
tests/unit/test_revenue_history_alerts.py::TestRevenueWriterHistory::test_get_summary PASSED [  8%]
tests/unit/test_revenue_history_alerts.py::TestLoopHealthAlerts::test_all_zero_returns_critical PASSED [  8%]
tests/unit/test_revenue_history_alerts.py::TestLoopHealthAlerts::test_all_zero_generates_all_alerts PASSED [  8%]
tests/unit/test_revenue_history_alerts.py::TestLoopHealthAlerts::test_thriving_no_alerts PASSED [  8%]
tests/unit/test_revenue_history_alerts.py::TestSlackNotification::test_no_webhook_returns_false PASSED [  8%]
tests/unit/test_revenue_history_alerts.py::TestSlackNotification::test_webhook_sends_post PASSED [  8%]
tests/unit/test_sample.py::TestMemoryKeyValidation::test_valid_key PASSED [  8%]
tests/unit/test_sample.py::TestMemoryKeyValidation::test_empty_key PASSED [  8%]
tests/unit/test_sample.py::TestMemoryKeyValidation::test_invalid_type PASSED [  8%]
tests/unit/test_sample.py::TestMemoryKeyValidation::test_too_long_key PASSED [  8%]
tests/unit/test_sample.py::TestMemoryKeyValidation::test_parametrized_validation[valid-True] PASSED [  8%]
tests/unit/test_sample.py::TestMemoryKeyValidation::test_parametrized_validation[aaaaaaaaaaaaaaaaaaaaaaaaaaaaaaaaaaaaaaaaaaaaaaaaaaaaaaaaaaaaaaaaaaaaaaaaaaaaaaaaaaaaaaaaaaaaaaaaaaaaaaaaaaaaaaaaaaaaaaaaaaaaaaaaaaaaaaaaaaaaaaaaaaaaaaaaaaaaaaaaaaaaaaaaaaaaaaaaaaaaaaaaaaaaaaaaaaaaaaaaaaaaaaaaaaaaaaaaaaaaaaaaaaaaaaaaaaaaaaaaaaaaaaaaaaaaaaa-True] PASSED [  8%]
tests/unit/test_sample.py::TestMemoryKeyValidation::test_parametrized_validation[aaaaaaaaaaaaaaaaaaaaaaaaaaaaaaaaaaaaaaaaaaaaaaaaaaaaaaaaaaaaaaaaaaaaaaaaaaaaaaaaaaaaaaaaaaaaaaaaaaaaaaaaaaaaaaaaaaaaaaaaaaaaaaaaaaaaaaaaaaaaaaaaaaaaaaaaaaaaaaaaaaaaaaaaaaaaaaaaaaaaaaaaaaaaaaaaaaaaaaaaaaaaaaaaaaaaaaaaaaaaaaaaaaaaaaaaaaaaaaaaaaaaaaaaaaaaaaaa-False] PASSED [  8%]
tests/unit/test_sample.py::TestMemoryKeyValidation::test_parametrized_validation[-False] PASSED [  8%]
tests/unit/test_sample.py::TestMemoryKeyValidation::test_parametrized_validation[None-False] PASSED [  8%]
tests/unit/test_sample.py::TestTTLCalculation::test_calculate_future_time PASSED [  8%]
tests/unit/test_sample.py::TestTTLCalculation::test_ttl_difference PASSED [  8%]
tests/unit/test_sample.py::TestTTLCalculation::test_various_ttl_values[60] PASSED [  8%]
tests/unit/test_sample.py::TestTTLCalculation::test_various_ttl_values[3600] PASSED [  8%]
tests/unit/test_sample.py::TestTTLCalculation::test_various_ttl_values[86400] PASSED [  8%]
tests/unit/test_sample.py::TestAPIResponseFormat::test_success_response PASSED [  8%]
tests/unit/test_sample.py::TestAPIResponseFormat::test_error_response PASSED [  8%]
tests/unit/test_sample.py::TestAPIResponseFormat::test_response_has_timestamp PASSED [  8%]
tests/unit/test_sample.py::TestWithFixtures::test_memory_data_structure PASSED [  8%]
tests/unit/test_sample.py::TestWithFixtures::test_api_response_structure PASSED [  8%]
tests/unit/test_sample.py::test_async_operation PASSED                   [  8%]
tests/unit/test_sample.py::test_exception_handling PASSED                [  8%]
tests/unit/test_sample.py::test_marked_as_unit PASSED                    [  8%]
tests/unit/test_sample.py::test_slow_operation PASSED                    [  8%]
tests/unit/test_scripts_checks_env.py::TestCheckPathExists::test_empty_string_returns_false PASSED [  8%]
tests/unit/test_scripts_checks_env.py::TestCheckPathExists::test_none_equivalent_empty_returns_false PASSED [  9%]
tests/unit/test_scripts_checks_env.py::TestCheckPathExists::test_nonexistent_path_returns_false PASSED [  9%]
tests/unit/test_scripts_checks_env.py::TestCheckPathExists::test_existing_directory_returns_true PASSED [  9%]
tests/unit/test_scripts_checks_env.py::TestCheckPathExists::test_existing_file_returns_true PASSED [  9%]
tests/unit/test_scripts_checks_env.py::TestCheckPathExists::test_invalid_chars_returns_false PASSED [  9%]
tests/unit/test_scripts_checks_env.py::TestCheckPathExists::test_relative_nonexistent_returns_false PASSED [  9%]
tests/unit/test_scripts_checks_env.py::TestCheckPathExists::test_windows_style_nonexistent PASSED [  9%]
tests/unit/test_scripts_checks_env.py::TestCheckPathExists::test_tilde_unexpanded_nonexistent PASSED [  9%]
tests/unit/test_scripts_maintenance_cleanup.py::TestShouldExclude::test_git_dir_excluded PASSED [  9%]
tests/unit/test_scripts_maintenance_cleanup.py::TestShouldExclude::test_venv_excluded PASSED [  9%]
tests/unit/test_scripts_maintenance_cleanup.py::TestShouldExclude::test_dot_venv_excluded PASSED [  9%]
tests/unit/test_scripts_maintenance_cleanup.py::TestShouldExclude::test_env_excluded PASSED [  9%]
tests/unit/test_scripts_maintenance_cleanup.py::TestShouldExclude::test_node_modules_excluded PASSED [  9%]
tests/unit/test_scripts_maintenance_cleanup.py::TestShouldExclude::test_d_drive_excluded PASSED [  9%]
tests/unit/test_scripts_maintenance_cleanup.py::TestShouldExclude::test_normal_src_not_excluded PASSED [  9%]
tests/unit/test_scripts_maintenance_cleanup.py::TestShouldExclude::test_temp_dir_not_excluded PASSED [  9%]
tests/unit/test_scripts_maintenance_cleanup.py::TestShouldExclude::test_scripts_checks_not_excluded PASSED [  9%]
tests/unit/test_scripts_maintenance_cleanup.py::TestShouldExclude::test_deep_path_not_excluded PASSED [  9%]
tests/unit/test_scripts_maintenance_cleanup.py::TestGetFileAgeDays::test_just_created_file_age_near_zero PASSED [  9%]
tests/unit/test_scripts_maintenance_cleanup.py::TestGetFileAgeDays::test_nonexistent_file_returns_zero PASSED [  9%]
tests/unit/test_scripts_maintenance_cleanup.py::TestGetFileAgeDays::test_returns_float PASSED [  9%]
tests/unit/test_scripts_maintenance_cleanup.py::TestGetFileAgeDays::test_old_file_has_positive_age PASSED [  9%]
tests/unit/test_scripts_maintenance_duplicates.py::TestShouldExclude::test_windows_dir_excluded PASSED [  9%]
tests/unit/test_scripts_maintenance_duplicates.py::TestShouldExclude::test_program_files_excluded PASSED [  9%]
tests/unit/test_scripts_maintenance_duplicates.py::TestShouldExclude::test_program_files_x86_excluded PASSED [  9%]
tests/unit/test_scripts_maintenance_duplicates.py::TestShouldExclude::test_programdata_excluded PASSED [  9%]
tests/unit/test_scripts_maintenance_duplicates.py::TestShouldExclude::test_recycle_bin_excluded PASSED [  9%]
tests/unit/test_scripts_maintenance_duplicates.py::TestShouldExclude::test_recovery_excluded PASSED [  9%]
tests/unit/test_scripts_maintenance_duplicates.py::TestShouldExclude::test_user_dir_not_excluded PASSED [  9%]
tests/unit/test_scripts_maintenance_duplicates.py::TestShouldExclude::test_temp_not_excluded PASSED [  9%]
tests/unit/test_scripts_maintenance_duplicates.py::TestShouldExclude::test_case_insensitive_check PASSED [  9%]
tests/unit/test_scripts_maintenance_duplicates.py::TestShouldExclude::test_empty_string_not_excluded PASSED [  9%]
tests/unit/test_scripts_maintenance_duplicates.py::TestCalculateFileHash::test_returns_hex_string PASSED [  9%]
tests/unit/test_scripts_maintenance_duplicates.py::TestCalculateFileHash::test_nonexistent_file_returns_none PASSED [  9%]
tests/unit/test_scripts_maintenance_duplicates.py::TestCalculateFileHash::test_same_content_same_hash PASSED [  9%]
tests/unit/test_scripts_maintenance_duplicates.py::TestCalculateFileHash::test_different_content_different_hash PASSED [  9%]
tests/unit/test_scripts_maintenance_duplicates.py::TestCalculateFileHash::test_empty_file_hash PASSED [  9%]
tests/unit/test_scripts_maintenance_duplicates.py::TestCalculateFileHash::test_large_file_consistent_hash PASSED [  9%]
tests/unit/test_scripts_maintenance_large_files.py::TestFormatSize::test_bytes PASSED [  9%]
tests/unit/test_scripts_maintenance_large_files.py::TestFormatSize::test_kilobytes PASSED [  9%]
tests/unit/test_scripts_maintenance_large_files.py::TestFormatSize::test_megabytes PASSED [  9%]
tests/unit/test_scripts_maintenance_large_files.py::TestFormatSize::test_gigabytes PASSED [  9%]
tests/unit/test_scripts_maintenance_large_files.py::TestFormatSize::test_terabytes PASSED [  9%]
tests/unit/test_scripts_maintenance_large_files.py::TestFormatSize::test_zero_bytes PASSED [  9%]
tests/unit/test_scripts_maintenance_large_files.py::TestFormatSize::test_returns_string PASSED [  9%]
tests/unit/test_scripts_maintenance_large_files.py::TestShouldExclude::test_windows_dir_excluded PASSED [  9%]
tests/unit/test_scripts_maintenance_large_files.py::TestShouldExclude::test_program_files_excluded PASSED [  9%]
tests/unit/test_scripts_maintenance_large_files.py::TestShouldExclude::test_program_files_x86_excluded PASSED [  9%]
tests/unit/test_scripts_maintenance_large_files.py::TestShouldExclude::test_programdata_excluded PASSED [ 10%]
tests/unit/test_scripts_maintenance_large_files.py::TestShouldExclude::test_system_volume_excluded PASSED [ 10%]
tests/unit/test_scripts_maintenance_large_files.py::TestShouldExclude::test_recycle_bin_excluded PASSED [ 10%]
tests/unit/test_scripts_maintenance_large_files.py::TestShouldExclude::test_recovery_excluded PASSED [ 10%]
tests/unit/test_scripts_maintenance_large_files.py::TestShouldExclude::test_users_dir_not_excluded PASSED [ 10%]
tests/unit/test_scripts_maintenance_large_files.py::TestShouldExclude::test_temp_not_excluded PASSED [ 10%]
tests/unit/test_scripts_maintenance_large_files.py::TestShouldExclude::test_case_insensitive PASSED [ 10%]
tests/unit/test_scripts_maintenance_large_files.py::TestShouldExclude::test_empty_string_not_excluded PASSED [ 10%]
tests/unit/test_scripts_maintenance_large_files.py::TestIsAiRelated::test_model_keyword PASSED [ 10%]
tests/unit/test_scripts_maintenance_large_files.py::TestIsAiRelated::test_safetensors_extension PASSED [ 10%]
tests/unit/test_scripts_maintenance_large_files.py::TestIsAiRelated::test_comfyui_path PASSED [ 10%]
tests/unit/test_scripts_maintenance_large_files.py::TestIsAiRelated::test_huggingface_path PASSED [ 10%]
tests/unit/test_scripts_maintenance_large_files.py::TestIsAiRelated::test_pt_extension PASSED [ 10%]
tests/unit/test_scripts_maintenance_large_files.py::TestIsAiRelated::test_onnx_extension PASSED [ 10%]
tests/unit/test_scripts_maintenance_large_files.py::TestIsAiRelated::test_normal_python_file PASSED [ 10%]
tests/unit/test_scripts_maintenance_large_files.py::TestIsAiRelated::test_documents_not_ai PASSED [ 10%]
tests/unit/test_scripts_maintenance_large_files.py::TestIsAiRelated::test_case_insensitive PASSED [ 10%]
tests/unit/test_scripts_maintenance_large_files.py::TestGetDirectorySize::test_empty_directory_is_zero PASSED [ 10%]
tests/unit/test_scripts_maintenance_large_files.py::TestGetDirectorySize::test_single_file_size PASSED [ 10%]
tests/unit/test_scripts_maintenance_large_files.py::TestGetDirectorySize::test_multiple_files PASSED [ 10%]
tests/unit/test_scripts_maintenance_large_files.py::TestGetDirectorySize::test_nested_directory PASSED [ 10%]
tests/unit/test_scripts_maintenance_large_files.py::TestGetDirectorySize::test_nonexistent_returns_zero PASSED [ 10%]
tests/unit/test_scripts_misc_adb_automation_toolkit.py::TestDeviceInfo::test_init_fields PASSED [ 10%]
tests/unit/test_scripts_misc_adb_automation_toolkit.py::TestDeviceInfo::test_asdict_works PASSED [ 10%]
tests/unit/test_scripts_misc_adb_automation_toolkit.py::TestBatteryAlert::test_init_fields PASSED [ 10%]
tests/unit/test_scripts_misc_adb_automation_toolkit.py::TestBatteryAlert::test_alert_types PASSED [ 10%]
tests/unit/test_scripts_misc_adb_automation_toolkit.py::TestLoadConfig::test_creates_default_config_when_missing PASSED [ 10%]
tests/unit/test_scripts_misc_adb_automation_toolkit.py::TestLoadConfig::test_loads_existing_config PASSED [ 10%]
tests/unit/test_scripts_misc_adb_automation_toolkit.py::TestLoadConfig::test_default_config_has_required_keys PASSED [ 10%]
tests/unit/test_scripts_misc_adb_automation_toolkit.py::TestFindAdb::test_uses_config_adb_path_when_set PASSED [ 10%]
tests/unit/test_scripts_misc_adb_automation_toolkit.py::TestFindAdb::test_finds_adb_via_subprocess PASSED [ 10%]
tests/unit/test_scripts_misc_adb_automation_toolkit.py::TestFindAdb::test_returns_none_when_not_found PASSED [ 10%]
tests/unit/test_scripts_misc_adb_automation_toolkit.py::TestRunAdbCommand::test_returns_error_when_no_adb_path PASSED [ 10%]
tests/unit/test_scripts_misc_adb_automation_toolkit.py::TestRunAdbCommand::test_success_result PASSED [ 10%]
tests/unit/test_scripts_misc_adb_automation_toolkit.py::TestRunAdbCommand::test_failure_result PASSED [ 10%]
tests/unit/test_scripts_misc_adb_automation_toolkit.py::TestRunAdbCommand::test_timeout_result PASSED [ 10%]
tests/unit/test_scripts_misc_adb_automation_toolkit.py::TestCheckConnection::test_returns_true_when_device_listed PASSED [ 10%]
tests/unit/test_scripts_misc_adb_automation_toolkit.py::TestCheckConnection::test_returns_false_when_no_device PASSED [ 10%]
tests/unit/test_scripts_misc_adb_automation_toolkit.py::TestCheckConnection::test_returns_false_on_command_failure PASSED [ 10%]
tests/unit/test_scripts_misc_adb_automation_toolkit.py::TestConnect::test_returns_true_when_already_connected PASSED [ 10%]
tests/unit/test_scripts_misc_adb_automation_toolkit.py::TestConnect::test_connects_successfully PASSED [ 10%]
tests/unit/test_scripts_misc_adb_automation_toolkit.py::TestConnect::test_force_disconnect_before_connect PASSED [ 10%]
tests/unit/test_scripts_misc_adb_automation_toolkit.py::TestGetDeviceInfo::test_returns_none_when_not_connected PASSED [ 10%]
tests/unit/test_scripts_misc_adb_automation_toolkit.py::TestGetDeviceInfo::test_returns_device_info PASSED [ 10%]
tests/unit/test_scripts_misc_adb_automation_toolkit.py::TestGetDeviceInfo::test_returns_none_on_exception PASSED [ 10%]
tests/unit/test_scripts_misc_adb_automation_toolkit.py::TestGetBatteryInfo::test_returns_none_when_not_connected PASSED [ 10%]
tests/unit/test_scripts_misc_adb_automation_toolkit.py::TestGetBatteryInfo::test_returns_none_on_command_failure PASSED [ 10%]
tests/unit/test_scripts_misc_adb_automation_toolkit.py::TestGetBatteryInfo::test_parses_battery_output PASSED [ 10%]
tests/unit/test_scripts_misc_adb_automation_toolkit.py::TestCheckBatteryAlert::test_returns_none_when_no_battery_info PASSED [ 10%]
tests/unit/test_scripts_misc_adb_automation_toolkit.py::TestCheckBatteryAlert::test_returns_critical_alert PASSED [ 11%]
tests/unit/test_scripts_misc_adb_automation_toolkit.py::TestCheckBatteryAlert::test_returns_low_alert PASSED [ 11%]
tests/unit/test_scripts_misc_adb_automation_toolkit.py::TestCheckBatteryAlert::test_returns_full_alert_when_charging PASSED [ 11%]
tests/unit/test_scripts_misc_adb_automation_toolkit.py::TestCheckBatteryAlert::test_returns_none_when_ok PASSED [ 11%]
tests/unit/test_scripts_misc_adb_automation_toolkit.py::TestExecuteShellCommand::test_returns_error_when_not_connected PASSED [ 11%]
tests/unit/test_scripts_misc_adb_automation_toolkit.py::TestExecuteShellCommand::test_passes_command_through_adb PASSED [ 11%]
tests/unit/test_scripts_misc_adb_automation_toolkit.py::TestInstallApp::test_returns_false_when_not_connected PASSED [ 11%]
tests/unit/test_scripts_misc_adb_automation_toolkit.py::TestInstallApp::test_returns_false_when_apk_not_found PASSED [ 11%]
tests/unit/test_scripts_misc_adb_automation_toolkit.py::TestInstallApp::test_returns_true_on_success PASSED [ 11%]
tests/unit/test_scripts_misc_adb_automation_toolkit.py::TestUninstallApp::test_returns_false_when_not_connected PASSED [ 11%]
tests/unit/test_scripts_misc_adb_automation_toolkit.py::TestUninstallApp::test_returns_true_on_success PASSED [ 11%]
tests/unit/test_scripts_misc_adb_automation_toolkit.py::TestUninstallApp::test_returns_false_on_failure PASSED [ 11%]
tests/unit/test_scripts_misc_agent_tracker.py::TestCalcRank::test_zero_uses_is_N PASSED [ 11%]
tests/unit/test_scripts_misc_agent_tracker.py::TestCalcRank::test_one_use_is_NC PASSED [ 11%]
tests/unit/test_scripts_misc_agent_tracker.py::TestCalcRank::test_four_uses_is_NC PASSED [ 11%]
tests/unit/test_scripts_misc_agent_tracker.py::TestCalcRank::test_five_uses_is_NB PASSED [ 11%]
tests/unit/test_scripts_misc_agent_tracker.py::TestCalcRank::test_nine_uses_is_NB PASSED [ 11%]
tests/unit/test_scripts_misc_agent_tracker.py::TestCalcRank::test_ten_uses_is_NA PASSED [ 11%]
tests/unit/test_scripts_misc_agent_tracker.py::TestCalcRank::test_nineteen_uses_is_NA PASSED [ 11%]
tests/unit/test_scripts_misc_agent_tracker.py::TestCalcRank::test_twenty_uses_is_NS PASSED [ 11%]
tests/unit/test_scripts_misc_agent_tracker.py::TestCalcRank::test_large_count_is_NS PASSED [ 11%]
tests/unit/test_scripts_misc_agent_tracker.py::TestTrack::test_returns_usage_record PASSED [ 11%]
tests/unit/test_scripts_misc_agent_tracker.py::TestTrack::test_task_summary_stored PASSED [ 11%]
tests/unit/test_scripts_misc_agent_tracker.py::TestTrack::test_session_id_stored PASSED [ 11%]
tests/unit/test_scripts_misc_agent_tracker.py::TestTrack::test_track_increments_count PASSED [ 11%]
tests/unit/test_scripts_misc_agent_tracker.py::TestTrack::test_recorded_at_is_set PASSED [ 11%]
tests/unit/test_scripts_misc_agent_tracker.py::TestGetStats::test_untracked_agent_has_zero_uses PASSED [ 11%]
tests/unit/test_scripts_misc_agent_tracker.py::TestGetStats::test_untracked_agent_rank_is_N PASSED [ 11%]
tests/unit/test_scripts_misc_agent_tracker.py::TestGetStats::test_untracked_agent_is_parking_candidate PASSED [ 11%]
tests/unit/test_scripts_misc_agent_tracker.py::TestGetStats::test_well_used_agent_not_parking_candidate PASSED [ 11%]
tests/unit/test_scripts_misc_agent_tracker.py::TestGetStats::test_rank_updates_after_tracking PASSED [ 11%]
tests/unit/test_scripts_misc_agent_tracker.py::TestAuditAgentText::test_full_text_scores_100 PASSED [ 11%]
tests/unit/test_scripts_misc_agent_tracker.py::TestAuditAgentText::test_empty_text_scores_zero PASSED [ 11%]
tests/unit/test_scripts_misc_agent_tracker.py::TestAuditAgentText::test_returns_audit_result PASSED [ 11%]
tests/unit/test_scripts_misc_agent_tracker.py::TestAuditAgentText::test_partial_text_has_suggestions PASSED [ 11%]
tests/unit/test_scripts_misc_agent_tracker.py::TestAuditAgentText::test_partial_text_has_failed_criteria PASSED [ 11%]
tests/unit/test_scripts_misc_agent_tracker.py::TestAuditAgentText::test_model_criterion_detected PASSED [ 11%]
tests/unit/test_scripts_misc_agent_tracker.py::TestAuditAgentText::test_isolation_criterion_detected PASSED [ 11%]
tests/unit/test_scripts_misc_agent_tracker.py::TestAuditAgentsDir::test_nonexistent_dir_returns_error PASSED [ 11%]
tests/unit/test_scripts_misc_agent_tracker.py::TestAuditAgentsDir::test_empty_dir_returns_zero PASSED [ 11%]
tests/unit/test_scripts_misc_agent_tracker.py::TestAuditAgentsDir::test_single_md_counted PASSED [ 11%]
tests/unit/test_scripts_misc_agent_tracker.py::TestStats::test_stats_returns_dict PASSED [ 11%]
tests/unit/test_scripts_misc_agent_tracker.py::TestStats::test_stats_total_agents_count PASSED [ 11%]
tests/unit/test_scripts_misc_alert_system.py::TestAlertSeverity::test_info_value PASSED [ 11%]
tests/unit/test_scripts_misc_alert_system.py::TestAlertSeverity::test_warning_value PASSED [ 11%]
tests/unit/test_scripts_misc_alert_system.py::TestAlertSeverity::test_error_value PASSED [ 11%]
tests/unit/test_scripts_misc_alert_system.py::TestAlertSeverity::test_critical_value PASSED [ 11%]
tests/unit/test_scripts_misc_alert_system.py::TestAlertSeverity::test_all_members_unique PASSED [ 11%]
tests/unit/test_scripts_misc_alert_system.py::TestAlertRule::test_basic_creation PASSED [ 12%]
tests/unit/test_scripts_misc_alert_system.py::TestAlertRule::test_default_enabled_true PASSED [ 12%]
tests/unit/test_scripts_misc_alert_system.py::TestAlertRule::test_default_duration PASSED [ 12%]
tests/unit/test_scripts_misc_alert_system.py::TestAlertRule::test_default_notification_channels_empty PASSED [ 12%]
tests/unit/test_scripts_misc_alert_system.py::TestAlertRule::test_severity_stored PASSED [ 12%]
tests/unit/test_scripts_misc_alert_system.py::TestAlert::test_basic_creation PASSED [ 12%]
tests/unit/test_scripts_misc_alert_system.py::TestAlert::test_default_resolved_at_none PASSED [ 12%]
tests/unit/test_scripts_misc_alert_system.py::TestAlert::test_default_acknowledged_false PASSED [ 12%]
tests/unit/test_scripts_misc_alert_system.py::TestAlert::test_triggered_at_auto_set PASSED [ 12%]
tests/unit/test_scripts_misc_alert_system.py::TestCheckMetricGt::test_above_threshold_triggers_alert PASSED [ 12%]
tests/unit/test_scripts_misc_alert_system.py::TestCheckMetricGt::test_at_threshold_no_alert PASSED [ 12%]
tests/unit/test_scripts_misc_alert_system.py::TestCheckMetricGt::test_below_threshold_no_alert PASSED [ 12%]
tests/unit/test_scripts_misc_alert_system.py::TestCheckMetricLt::test_below_threshold_triggers_alert PASSED [ 12%]
tests/unit/test_scripts_misc_alert_system.py::TestCheckMetricLt::test_at_threshold_no_alert PASSED [ 12%]
tests/unit/test_scripts_misc_alert_system.py::TestCheckMetricLt::test_above_threshold_no_alert PASSED [ 12%]
tests/unit/test_scripts_misc_alert_system.py::TestCheckMetricEq::test_equal_value_triggers_alert PASSED [ 12%]
tests/unit/test_scripts_misc_alert_system.py::TestCheckMetricEq::test_not_equal_no_alert PASSED [ 12%]
tests/unit/test_scripts_misc_alert_system.py::TestCheckMetricGte::test_at_threshold_triggers PASSED [ 12%]
tests/unit/test_scripts_misc_alert_system.py::TestCheckMetricGte::test_above_threshold_triggers PASSED [ 12%]
tests/unit/test_scripts_misc_alert_system.py::TestCheckMetricGte::test_below_threshold_no_alert PASSED [ 12%]
tests/unit/test_scripts_misc_alert_system.py::TestCheckMetricLte::test_at_threshold_triggers PASSED [ 12%]
tests/unit/test_scripts_misc_alert_system.py::TestCheckMetricLte::test_below_threshold_triggers PASSED [ 12%]
tests/unit/test_scripts_misc_alert_system.py::TestCheckMetricLte::test_above_threshold_no_alert PASSED [ 12%]
tests/unit/test_scripts_misc_alert_system.py::TestCheckMetricMisc::test_different_metric_name_ignored PASSED [ 12%]
tests/unit/test_scripts_misc_alert_system.py::TestCheckMetricMisc::test_disabled_rule_not_triggered PASSED [ 12%]
tests/unit/test_scripts_misc_alert_system.py::TestCheckMetricMisc::test_alert_added_to_history PASSED [ 12%]
tests/unit/test_scripts_misc_alert_system.py::TestCheckMetricMisc::test_duplicate_trigger_not_duplicated PASSED [ 12%]
tests/unit/test_scripts_misc_alert_system.py::TestAddRemoveRule::test_add_rule_accessible_by_id PASSED [ 12%]
tests/unit/test_scripts_misc_alert_system.py::TestAddRemoveRule::test_add_multiple_rules PASSED [ 12%]
tests/unit/test_scripts_misc_alert_system.py::TestAddRemoveRule::test_remove_rule_removes_it PASSED [ 12%]
tests/unit/test_scripts_misc_alert_system.py::TestAddRemoveRule::test_remove_nonexistent_rule_no_error PASSED [ 12%]
tests/unit/test_scripts_misc_alert_system.py::TestResolveAlert::test_resolve_removes_from_active PASSED [ 12%]
tests/unit/test_scripts_misc_alert_system.py::TestResolveAlert::test_resolve_sets_resolved_at PASSED [ 12%]
tests/unit/test_scripts_misc_alert_system.py::TestResolveAlert::test_resolve_nonexistent_no_error PASSED [ 12%]
tests/unit/test_scripts_misc_alert_system.py::TestAcknowledgeAlert::test_acknowledge_sets_flag PASSED [ 12%]
tests/unit/test_scripts_misc_alert_system.py::TestAcknowledgeAlert::test_acknowledge_unknown_returns_false PASSED [ 12%]
tests/unit/test_scripts_misc_alert_system.py::TestGetAlerts::test_get_active_alerts_empty PASSED [ 12%]
tests/unit/test_scripts_misc_alert_system.py::TestGetAlerts::test_get_active_alerts_returns_list PASSED [ 12%]
tests/unit/test_scripts_misc_alert_system.py::TestGetAlerts::test_get_alert_history_respects_limit PASSED [ 12%]
tests/unit/test_scripts_misc_alert_system.py::TestSendNotification::test_handler_called_for_matching_channel PASSED [ 12%]
tests/unit/test_scripts_misc_alert_system.py::TestSendNotification::test_no_handler_for_unregistered_channel PASSED [ 12%]
tests/unit/test_scripts_misc_alert_system.py::TestSendNotification::test_no_notification_channels_no_call PASSED [ 12%]
tests/unit/test_scripts_misc_analyze_failure_reasons.py::TestAnalyzeFailureReasonsImport::test_module_imports_without_network PASSED [ 12%]
tests/unit/test_scripts_misc_analyze_failure_reasons.py::TestAnalyzeFailureReasonsImport::test_comfyui_url_env_override PASSED [ 12%]
tests/unit/test_scripts_misc_analyze_failure_reasons.py::TestAnalyzeFailureReasonsLogic::test_error_prompt_ids_non_empty PASSED [ 12%]
tests/unit/test_scripts_misc_analyze_failure_reasons.py::TestAnalyzeFailureReasonsLogic::test_all_prompt_ids_are_strings PASSED [ 12%]
tests/unit/test_scripts_misc_analyze_failure_reasons.py::TestAnalyzeFailureReasonsLogic::test_requests_called_for_each_prompt PASSED [ 12%]
tests/unit/test_scripts_misc_analyze_failure_reasons.py::TestAnalyzeFailureReasonsLogic::test_comfyui_url_default_format PASSED [ 12%]
tests/unit/test_scripts_misc_analyze_ollama_ui.py::TestAnalyzeOllamaUiImport::test_module_imports PASSED [ 13%]
tests/unit/test_scripts_misc_analyze_ollama_ui.py::TestAnalyzeOllamaUiImport::test_ollama_url_from_env PASSED [ 13%]
tests/unit/test_scripts_misc_analyze_ollama_ui.py::TestAnalyzeOllamaUiImport::test_unified_api_url_from_env PASSED [ 13%]
tests/unit/test_scripts_misc_analyze_ollama_ui.py::TestAnalyzeOllamaUiImport::test_default_urls_contain_ports PASSED [ 13%]
tests/unit/test_scripts_misc_analyze_ollama_ui.py::TestAnalyzeOllamaUiImport::test_requests_get_called PASSED [ 13%]
tests/unit/test_scripts_misc_api_documentation.py::TestHealthResponse::test_valid_instance PASSED [ 13%]
tests/unit/test_scripts_misc_api_documentation.py::TestMemoryStoreRequest::test_basic_fields PASSED [ 13%]
tests/unit/test_scripts_misc_api_documentation.py::TestMemoryStoreRequest::test_with_ttl_and_tags PASSED [ 13%]
tests/unit/test_scripts_misc_api_documentation.py::TestLearningEventRequest::test_valid_event_type PASSED [ 13%]
tests/unit/test_scripts_misc_api_documentation.py::TestLearningEventRequest::test_metadata_optional PASSED [ 13%]
tests/unit/test_scripts_misc_api_documentation.py::TestLLMRoutingRequest::test_required_fields PASSED [ 13%]
tests/unit/test_scripts_misc_api_documentation.py::TestLLMRoutingRequest::test_with_all_fields PASSED [ 13%]
tests/unit/test_scripts_misc_api_documentation.py::TestErrorResponse::test_required_fields PASSED [ 13%]
tests/unit/test_scripts_misc_api_documentation.py::TestModuleLevel::test_app_created PASSED [ 13%]
tests/unit/test_scripts_misc_api_documentation.py::TestModuleLevel::test_app_version PASSED [ 13%]
tests/unit/test_scripts_misc_api_documentation.py::TestRootEndpoint::test_returns_200 PASSED [ 13%]
tests/unit/test_scripts_misc_api_documentation.py::TestRootEndpoint::test_returns_api_name PASSED [ 13%]
tests/unit/test_scripts_misc_api_documentation.py::TestRootEndpoint::test_returns_docs_link PASSED [ 13%]
tests/unit/test_scripts_misc_api_documentation.py::TestHealthEndpoint::test_returns_200 PASSED [ 13%]
tests/unit/test_scripts_misc_api_documentation.py::TestHealthEndpoint::test_returns_healthy PASSED [ 13%]
tests/unit/test_scripts_misc_api_documentation.py::TestHealthEndpoint::test_returns_version PASSED [ 13%]
tests/unit/test_scripts_misc_api_documentation.py::TestHealthEndpoint::test_returns_services PASSED [ 13%]
tests/unit/test_scripts_misc_api_documentation.py::TestHealthEndpoint::test_returns_timestamp PASSED [ 13%]
tests/unit/test_scripts_misc_api_documentation.py::TestMemoryStoreEndpoint::test_returns_201 PASSED [ 13%]
tests/unit/test_scripts_misc_api_documentation.py::TestMemoryStoreEndpoint::test_returns_success_true PASSED [ 13%]
tests/unit/test_scripts_misc_api_documentation.py::TestMemoryStoreEndpoint::test_with_ttl PASSED [ 13%]
tests/unit/test_scripts_misc_api_documentation.py::TestMemoryRetrieveEndpoint::test_returns_200 PASSED [ 13%]
tests/unit/test_scripts_misc_api_documentation.py::TestMemoryRetrieveEndpoint::test_returns_key_and_found PASSED [ 13%]
tests/unit/test_scripts_misc_api_documentation.py::TestLearningEventEndpoint::test_returns_201 PASSED [ 13%]
tests/unit/test_scripts_misc_api_documentation.py::TestLearningEventEndpoint::test_returns_success_and_event_id PASSED [ 13%]
tests/unit/test_scripts_misc_api_documentation_generator.py::TestGenerateOpenApiSpec::test_returns_dict PASSED [ 13%]
tests/unit/test_scripts_misc_api_documentation_generator.py::TestGenerateOpenApiSpec::test_openapi_version_3 PASSED [ 13%]
tests/unit/test_scripts_misc_api_documentation_generator.py::TestGenerateOpenApiSpec::test_info_section_present PASSED [ 13%]
tests/unit/test_scripts_misc_api_documentation_generator.py::TestGenerateOpenApiSpec::test_info_title_manaos PASSED [ 13%]
tests/unit/test_scripts_misc_api_documentation_generator.py::TestGenerateOpenApiSpec::test_info_version_present PASSED [ 13%]
tests/unit/test_scripts_misc_api_documentation_generator.py::TestGenerateOpenApiSpec::test_servers_is_list PASSED [ 13%]
tests/unit/test_scripts_misc_api_documentation_generator.py::TestGenerateOpenApiSpec::test_servers_not_empty PASSED [ 13%]
tests/unit/test_scripts_misc_api_documentation_generator.py::TestGenerateOpenApiSpec::test_servers_have_url PASSED [ 13%]
tests/unit/test_scripts_misc_api_documentation_generator.py::TestGenerateOpenApiSpec::test_tags_is_list PASSED [ 13%]
tests/unit/test_scripts_misc_api_documentation_generator.py::TestGenerateOpenApiSpec::test_tags_include_health PASSED [ 13%]
tests/unit/test_scripts_misc_api_documentation_generator.py::TestGenerateOpenApiSpec::test_tags_include_services PASSED [ 13%]
tests/unit/test_scripts_misc_api_documentation_generator.py::TestGenerateOpenApiSpec::test_tags_include_llm PASSED [ 13%]
tests/unit/test_scripts_misc_api_documentation_generator.py::TestGenerateOpenApiSpec::test_tags_include_metrics PASSED [ 13%]
tests/unit/test_scripts_misc_api_documentation_generator.py::TestGenerateOpenApiSpec::test_paths_is_dict PASSED [ 13%]
tests/unit/test_scripts_misc_api_documentation_generator.py::TestGenerateOpenApiSpec::test_paths_not_empty PASSED [ 13%]
tests/unit/test_scripts_misc_api_documentation_generator.py::TestGenerateOpenApiSpec::test_health_endpoint_present PASSED [ 13%]
tests/unit/test_scripts_misc_api_documentation_generator.py::TestGenerateOpenApiSpec::test_health_has_get PASSED [ 13%]
tests/unit/test_scripts_misc_api_documentation_generator.py::TestGenerateOpenApiSpec::test_llm_chat_endpoint_present PASSED [ 13%]
tests/unit/test_scripts_misc_api_documentation_generator.py::TestGenerateOpenApiSpec::test_llm_chat_has_post PASSED [ 14%]
tests/unit/test_scripts_misc_api_documentation_generator.py::TestGenerateOpenApiSpec::test_metrics_endpoint_present PASSED [ 14%]
tests/unit/test_scripts_misc_api_documentation_generator.py::TestGenerateOpenApiSpec::test_components_present PASSED [ 14%]
tests/unit/test_scripts_misc_api_documentation_generator.py::TestGenerateOpenApiSpec::test_security_schemes_present PASSED [ 14%]
tests/unit/test_scripts_misc_api_documentation_generator.py::TestGenerateOpenApiSpec::test_api_key_auth_defined PASSED [ 14%]
tests/unit/test_scripts_misc_api_documentation_generator.py::TestGenerateOpenApiSpec::test_bearer_auth_defined PASSED [ 14%]
tests/unit/test_scripts_misc_api_documentation_generator.py::TestGenerateOpenApiSpec::test_api_key_auth_type PASSED [ 14%]
tests/unit/test_scripts_misc_api_documentation_generator.py::TestGenerateOpenApiSpec::test_api_key_header_name PASSED [ 14%]
tests/unit/test_scripts_misc_api_documentation_generator.py::TestGenerateOpenApiSpec::test_bearer_scheme PASSED [ 14%]
tests/unit/test_scripts_misc_api_documentation_generator.py::TestGenerateOpenApiSpec::test_error_schema_defined PASSED [ 14%]
tests/unit/test_scripts_misc_api_documentation_generator.py::TestGenerateOpenApiSpec::test_spec_is_json_serializable PASSED [ 14%]
tests/unit/test_scripts_misc_api_documentation_generator.py::TestGenerateOpenApiSpec::test_returns_new_dict_each_call PASSED [ 14%]
tests/unit/test_scripts_misc_api_documentation_generator.py::TestSaveOpenApiSpec::test_saves_file PASSED [ 14%]
tests/unit/test_scripts_misc_api_documentation_generator.py::TestSaveOpenApiSpec::test_saved_file_is_valid_json PASSED [ 14%]
tests/unit/test_scripts_misc_api_documentation_generator.py::TestSaveOpenApiSpec::test_saved_spec_openapi_version PASSED [ 14%]
tests/unit/test_scripts_misc_api_documentation_generator.py::TestSaveOpenApiSpec::test_creates_parent_directory PASSED [ 14%]
tests/unit/test_scripts_misc_api_documentation_generator.py::TestSaveOpenApiSpec::test_returns_path PASSED [ 14%]
tests/unit/test_scripts_misc_api_documentation_generator.py::TestSaveOpenApiSpec::test_saved_paths_not_empty PASSED [ 14%]
tests/unit/test_scripts_misc_auth_system.py::TestRole::test_values PASSED [ 14%]
tests/unit/test_scripts_misc_auth_system.py::TestCreateUser::test_returns_user_object PASSED [ 14%]
tests/unit/test_scripts_misc_auth_system.py::TestCreateUser::test_user_attributes PASSED [ 14%]
tests/unit/test_scripts_misc_auth_system.py::TestCreateUser::test_default_role_is_user PASSED [ 14%]
tests/unit/test_scripts_misc_auth_system.py::TestCreateUser::test_is_active_by_default PASSED [ 14%]
tests/unit/test_scripts_misc_auth_system.py::TestCreateUser::test_user_id_generated PASSED [ 14%]
tests/unit/test_scripts_misc_auth_system.py::TestGetUser::test_get_existing_user PASSED [ 14%]
tests/unit/test_scripts_misc_auth_system.py::TestGetUser::test_get_nonexistent_user_returns_none PASSED [ 14%]
tests/unit/test_scripts_misc_auth_system.py::TestCreateAndVerifyAPIKey::test_create_api_key_returns_string PASSED [ 14%]
tests/unit/test_scripts_misc_auth_system.py::TestCreateAndVerifyAPIKey::test_verify_valid_api_key PASSED [ 14%]
tests/unit/test_scripts_misc_auth_system.py::TestCreateAndVerifyAPIKey::test_verify_invalid_api_key_returns_none PASSED [ 14%]
tests/unit/test_scripts_misc_auth_system.py::TestCreateAndVerifyAPIKey::test_create_api_key_invalid_user_raises PASSED [ 14%]
tests/unit/test_scripts_misc_auth_system.py::TestCreateAndVerifyAPIKey::test_api_key_role_inherits_user_role PASSED [ 14%]
tests/unit/test_scripts_misc_auth_system.py::TestCheckPermission::test_guest_cannot_access_user_resource PASSED [ 14%]
tests/unit/test_scripts_misc_auth_system.py::TestCheckPermission::test_user_can_access_user_resource PASSED [ 14%]
tests/unit/test_scripts_misc_auth_system.py::TestCheckPermission::test_admin_can_access_user_resource PASSED [ 14%]
tests/unit/test_scripts_misc_auth_system.py::TestCheckPermission::test_admin_cannot_access_super_admin PASSED [ 14%]
tests/unit/test_scripts_misc_auth_system.py::TestCheckPermission::test_super_admin_can_access_everything PASSED [ 14%]
tests/unit/test_scripts_misc_auth_system.py::TestCheckPermission::test_user_cannot_access_admin PASSED [ 14%]
tests/unit/test_scripts_misc_auth_system.py::TestCreateAndVerifyToken::test_create_token_returns_string PASSED [ 14%]
tests/unit/test_scripts_misc_auth_system.py::TestCreateAndVerifyToken::test_verify_valid_token PASSED [ 14%]
tests/unit/test_scripts_misc_auth_system.py::TestCreateAndVerifyToken::test_verify_invalid_token_returns_none PASSED [ 14%]
tests/unit/test_scripts_misc_auth_system.py::TestCreateAndVerifyToken::test_create_token_invalid_user_raises PASSED [ 14%]
tests/unit/test_scripts_misc_auth_system.py::TestCreateAndVerifyToken::test_token_contains_role PASSED [ 14%]
tests/unit/test_scripts_misc_auto_start_evaluation_ui_9601.py::TestIsPortInUse::test_returns_false_for_unused_port PASSED [ 14%]
tests/unit/test_scripts_misc_auto_start_evaluation_ui_9601.py::TestIsPortInUse::test_returns_true_when_connect_succeeds PASSED [ 14%]
tests/unit/test_scripts_misc_auto_start_evaluation_ui_9601.py::TestIsPortInUse::test_returns_false_when_connect_raises PASSED [ 14%]
tests/unit/test_scripts_misc_auto_start_evaluation_ui_9601.py::TestMain::test_returns_1_when_script_missing PASSED [ 14%]
tests/unit/test_scripts_misc_auto_start_evaluation_ui_9601.py::TestMain::test_returns_0_when_port_already_in_use PASSED [ 14%]
tests/unit/test_scripts_misc_auto_start_evaluation_ui_9601.py::TestMain::test_spawns_process_when_port_free PASSED [ 14%]
tests/unit/test_scripts_misc_automated_deployment_pipeline.py::TestDeploymentStage::test_fields PASSED [ 14%]
tests/unit/test_scripts_misc_automated_deployment_pipeline.py::TestDeployment::test_fields PASSED [ 15%]
tests/unit/test_scripts_misc_automated_deployment_pipeline.py::TestInit::test_config_file_created PASSED [ 15%]
tests/unit/test_scripts_misc_automated_deployment_pipeline.py::TestInit::test_default_config_has_required_keys PASSED [ 15%]
tests/unit/test_scripts_misc_automated_deployment_pipeline.py::TestRunCommand::test_success PASSED [ 15%]
tests/unit/test_scripts_misc_automated_deployment_pipeline.py::TestRunCommand::test_nonzero_returncode_fails PASSED [ 15%]
tests/unit/test_scripts_misc_automated_deployment_pipeline.py::TestRunCommand::test_timeout_returns_failure PASSED [ 15%]
tests/unit/test_scripts_misc_automated_deployment_pipeline.py::TestGetStats::test_empty_history_stats PASSED [ 15%]
tests/unit/test_scripts_misc_automated_deployment_pipeline.py::TestGetStats::test_counts_completed PASSED [ 15%]
tests/unit/test_scripts_misc_automated_deployment_pipeline.py::TestGetStats::test_success_rate_full_success PASSED [ 15%]
tests/unit/test_scripts_misc_automated_deployment_pipeline.py::TestGetDeploymentStatus::test_nonexistent_id_returns_none PASSED [ 15%]
tests/unit/test_scripts_misc_automated_deployment_pipeline.py::TestGetDeploymentStatus::test_existing_id_returns_deployment PASSED [ 15%]
tests/unit/test_scripts_misc_automated_traffic_ramp_up.py::TestConstants::test_services_contains_known_keys PASSED [ 15%]
tests/unit/test_scripts_misc_automated_traffic_ramp_up.py::TestConstants::test_phases_has_three_phases PASSED [ 15%]
tests/unit/test_scripts_misc_automated_traffic_ramp_up.py::TestConstants::test_phase3_has_no_duration PASSED [ 15%]
tests/unit/test_scripts_misc_automated_traffic_ramp_up.py::TestConstants::test_phases_traffic_percentages_increasing PASSED [ 15%]
tests/unit/test_scripts_misc_automated_traffic_ramp_up.py::TestTrafficRampUpSystemInit::test_default_phase_is_phase1 PASSED [ 15%]
tests/unit/test_scripts_misc_automated_traffic_ramp_up.py::TestTrafficRampUpSystemInit::test_metrics_keys_match_phases PASSED [ 15%]
tests/unit/test_scripts_misc_automated_traffic_ramp_up.py::TestTrafficRampUpSystemInit::test_load_state_restores_phase PASSED [ 15%]
tests/unit/test_scripts_misc_automated_traffic_ramp_up.py::TestTrafficRampUpSystemInit::test_load_state_handles_corrupt_file PASSED [ 15%]
tests/unit/test_scripts_misc_automated_traffic_ramp_up.py::TestSaveState::test_save_creates_state_file PASSED [ 15%]
tests/unit/test_scripts_misc_automated_traffic_ramp_up.py::TestSaveState::test_save_contains_current_phase PASSED [ 15%]
tests/unit/test_scripts_misc_automated_traffic_ramp_up.py::TestCheckServiceHealth::test_returns_up_on_200 PASSED [ 15%]
tests/unit/test_scripts_misc_automated_traffic_ramp_up.py::TestCheckServiceHealth::test_returns_down_on_exception PASSED [ 15%]
tests/unit/test_scripts_misc_automated_traffic_ramp_up.py::TestEvaluatePhaseMetrics::test_all_up_gives_100_pass_rate PASSED [ 15%]
tests/unit/test_scripts_misc_automated_traffic_ramp_up.py::TestEvaluatePhaseMetrics::test_all_down_gives_0_pass_rate PASSED [ 15%]
tests/unit/test_scripts_misc_automated_traffic_ramp_up.py::TestShouldEscalatePhase::test_phase3_never_escalates PASSED [ 15%]
tests/unit/test_scripts_misc_automated_traffic_ramp_up.py::TestShouldEscalatePhase::test_phase1_escalates_after_duration PASSED [ 15%]
tests/unit/test_scripts_misc_automated_traffic_ramp_up.py::TestTransitionPhase::test_phase1_transitions_to_phase2 PASSED [ 15%]
[...]
tests/unit/test_trinity_smart_prompt_templates.py::TestGenerateQualityVariations::test_empty_qualities_returns_empty PASSED [ 98%]
tests/unit/test_trinity_smart_prompt_templates.py::TestAnalyzePromptPerformance::test_empty_history_returns_zeros PASSED [ 98%]
tests/unit/test_trinity_smart_prompt_templates.py::TestAnalyzePromptPerformance::test_all_successful PASSED [ 98%]
tests/unit/test_trinity_smart_prompt_templates.py::TestAnalyzePromptPerformance::test_partial_success_rate PASSED [ 98%]
tests/unit/test_trinity_smart_prompt_templates.py::TestAnalyzePromptPerformance::test_category_breakdown PASSED [ 98%]
tests/unit/test_trinity_smart_prompt_templates.py::TestAnalyzePromptPerformance::test_category_with_all_failed PASSED [ 98%]
tests/unit/test_trinity_system_optimizer.py::TestInit::test_core_services_is_nonempty_list PASSED [ 98%]
tests/unit/test_trinity_system_optimizer.py::TestInit::test_on_demand_services_is_nonempty_list PASSED [ 98%]
tests/unit/test_trinity_system_optimizer.py::TestInit::test_core_services_are_strings PASSED [ 98%]
tests/unit/test_trinity_system_optimizer.py::TestGetServiceStatus::test_active_enabled_service PASSED [ 98%]
tests/unit/test_trinity_system_optimizer.py::TestGetServiceStatus::test_inactive_disabled_service PASSED [ 98%]
tests/unit/test_trinity_system_optimizer.py::TestGetServiceStatus::test_active_but_not_enabled PASSED [ 98%]
tests/unit/test_trinity_system_optimizer.py::TestGetServiceStatus::test_subprocess_error_returns_safe_dict PASSED [ 98%]
tests/unit/test_trinity_system_optimizer.py::TestGetServiceStatus::test_name_preserved_on_success PASSED [ 98%]
tests/unit/test_trinity_system_optimizer.py::TestGetServiceStatus::test_name_preserved_on_error PASSED [ 98%]
tests/unit/test_trinity_system_optimizer.py::TestGetServiceStatus::test_status_field_set_from_stdout PASSED [ 98%]
tests/unit/test_trinity_system_optimizer.py::TestCreateOptimizationReport::test_returns_valid_json_string PASSED [ 98%]
tests/unit/test_trinity_system_optimizer.py::TestCreateOptimizationReport::test_report_contains_timestamp PASSED [ 98%]
tests/unit/test_trinity_system_optimizer.py::TestCreateOptimizationReport::test_report_optimization_status_completed PASSED [ 98%]
tests/unit/test_trinity_system_optimizer.py::TestCreateOptimizationReport::test_all_core_services_in_report PASSED [ 98%]
tests/unit/test_trinity_system_optimizer.py::TestCreateOptimizationReport::test_all_on_demand_services_in_report PASSED [ 98%]
tests/unit/test_trinity_system_optimizer.py::TestCreateOptimizationReport::test_core_services_dict_in_report PASSED [ 98%]
tests/unit/test_trinity_tool_analysis.py::TestAnalyzeImplementationMethod::test_returns_four_sections PASSED [ 98%]
tests/unit/test_trinity_tool_analysis.py::TestAnalyzeImplementationMethod::test_all_sections_have_method_key PASSED [ 98%]
tests/unit/test_trinity_tool_analysis.py::TestAnalyzeImplementationMethod::test_all_sections_have_tools_used_list PASSED [ 98%]
tests/unit/test_trinity_tool_analysis.py::TestAnalyzeImplementationMethod::test_tools_used_nonempty PASSED [ 98%]
tests/unit/test_trinity_tool_analysis.py::TestAnalyzeImplementationMethod::test_external_tools_marked_none_string PASSED [ 98%]
tests/unit/test_trinity_tool_analysis.py::TestAnalyzeImplementationMethod::test_image_generation_references_pillow PASSED [ 98%]
tests/unit/test_trinity_tool_analysis.py::TestAnalyzeImplementationMethod::test_ai_generation_references_diffusers PASSED [ 98%]
tests/unit/test_trinity_tool_analysis.py::TestAnalyzeImplementationMethod::test_web_interface_references_flask PASSED [ 98%]
tests/unit/test_trinity_tool_analysis.py::TestAnalyzeImplementationMethod::test_model_management_references_requests_or_civitai PASSED [ 98%]
tests/unit/test_trinity_tool_analysis.py::TestCheckPythonPackages::test_returns_dict PASSED [ 98%]
tests/unit/test_trinity_tool_analysis.py::TestCheckPythonPackages::test_expected_packages_present FAILED [ 98%]
tests/unit/test_trinity_tool_analysis.py::TestCheckPythonPackages::test_each_entry_has_installed_bool FAILED [ 98%]
tests/unit/test_trinity_tool_analysis.py::TestCheckPythonPackages::test_each_entry_has_version_key FAILED [ 98%]
tests/unit/test_trinity_tool_analysis.py::TestCheckPythonPackages::test_each_entry_has_description FAILED [ 98%]
tests/unit/test_trinity_tool_analysis.py::TestCheckPythonPackages::test_mock_installed_package_via_sys_modules FAILED [ 98%]
tests/unit/test_trinity_tool_analysis.py::TestCheckPythonPackages::test_mock_uninstalled_package_via_sys_modules FAILED [ 98%]
tests/unit/test_trinity_universal_model_switcher.py::TestClassifyModel::test_wan_keyword_in_filename PASSED [ 98%]
tests/unit/test_trinity_universal_model_switcher.py::TestClassifyModel::test_anime_keyword_in_filename PASSED [ 98%]
tests/unit/test_trinity_universal_model_switcher.py::TestClassifyModel::test_waifu_keyword_in_filename PASSED [ 98%]
tests/unit/test_trinity_universal_model_switcher.py::TestClassifyModel::test_majicmix_keyword PASSED [ 98%]
tests/unit/test_trinity_universal_model_switcher.py::TestClassifyModel::test_sdxl_keyword_in_filename PASSED [ 98%]
tests/unit/test_trinity_universal_model_switcher.py::TestClassifyModel::test_xl_keyword_in_filename PASSED [ 98%]
tests/unit/test_trinity_universal_model_switcher.py::TestClassifyModel::test_realistic_keyword PASSED [ 98%]
tests/unit/test_trinity_universal_model_switcher.py::TestClassifyModel::test_fast_keyword PASSED [ 98%]
tests/unit/test_trinity_universal_model_switcher.py::TestClassifyModel::test_lora_keyword PASSED [ 98%]
tests/unit/test_trinity_universal_model_switcher.py::TestClassifyModel::test_tiny_keyword PASSED [ 99%]
tests/unit/test_trinity_universal_model_switcher.py::TestClassifyModel::test_unknown_filename_returns_unknown PASSED [ 99%]
tests/unit/test_trinity_universal_model_switcher.py::TestClassifyModel::test_info_name_takes_priority_wan PASSED [ 99%]
tests/unit/test_trinity_universal_model_switcher.py::TestClassifyModel::test_info_name_sdxl PASSED [ 99%]
tests/unit/test_trinity_universal_model_switcher.py::TestClassifyModel::test_case_insensitive_filename PASSED [ 99%]
tests/unit/test_unified_logging.py::TestUnifiedLogging::test_get_logger_basic PASSED [ 99%]
tests/unit/test_unified_logging.py::TestUnifiedLogging::test_get_service_logger PASSED [ 99%]
tests/unit/test_unified_logging.py::TestUnifiedLogging::test_configure_logging PASSED [ 99%]
tests/unit/test_unified_logging.py::TestUnifiedLogging::test_set_log_level PASSED [ 99%]
tests/unit/test_unified_logging.py::TestUnifiedLogging::test_log_formatter_text PASSED [ 99%]
tests/unit/test_unified_logging.py::TestUnifiedLogging::test_log_formatter_json PASSED [ 99%]
tests/unit/test_unified_logging.py::TestUnifiedLogging::test_unified_logging_config PASSED [ 99%]
tests/unit/test_unified_logging.py::TestUnifiedLogging::test_log_level_mapping PASSED [ 99%]
tests/unit/test_unified_logging.py::TestUnifiedLogging::test_logger_output PASSED [ 99%]
tests/unit/test_unified_logging.py::TestUnifiedLogging::test_exception_logging PASSED [ 99%]
tests/unit/test_unified_logging.py::TestLogManagerConfig::test_environment_variable_override PASSED [ 99%]
tests/unit/test_validate_contract.py::TestHasKeys::test_all_keys_present_no_warning PASSED [ 99%]
tests/unit/test_validate_contract.py::TestHasKeys::test_missing_single_key_adds_warning PASSED [ 99%]
tests/unit/test_validate_contract.py::TestHasKeys::test_missing_multiple_keys_adds_multiple_warnings PASSED [ 99%]
tests/unit/test_validate_contract.py::TestHasKeys::test_non_dict_obj_adds_one_warning_with_type_name PASSED [ 99%]
tests/unit/test_validate_contract.py::TestHasKeys::test_non_dict_none_adds_warning PASSED [ 99%]
tests/unit/test_validate_contract.py::TestHasKeys::test_empty_keys_list_no_warning PASSED [ 99%]
tests/unit/test_validate_contract.py::TestHasKeys::test_extra_keys_not_required_no_warning PASSED [ 99%]
tests/unit/test_validate_contract.py::TestHasKeys::test_warning_contains_name_prefix PASSED [ 99%]
tests/unit/test_validate_contract.py::TestGetJson::test_json_response_returns_parsed_dict PASSED [ 99%]
tests/unit/test_validate_contract.py::TestGetJson::test_non_json_content_type_returns_raw_text PASSED [ 99%]
tests/unit/test_validate_contract.py::TestGetJson::test_json_decode_error_falls_back_to_raw_text PASSED [ 99%]
tests/unit/test_validate_contract.py::TestGetJson::test_non_200_status_returned_correctly PASSED [ 99%]
tests/unit/test_validate_contract.py::TestGetJson::test_headers_passed_to_request PASSED [ 99%]
tests/unit/test_validate_contract.py::TestGetJson::test_timeout_passed_to_request PASSED [ 99%]
tests/unit/test_validate_contract.py::TestGetJson::test_raw_text_truncated_to_2000 PASSED [ 99%]
tests/unit/test_validate_ledger.py::TestParseServices::test_basic_parse PASSED [ 99%]
tests/unit/test_validate_ledger.py::TestParseServices::test_optional_group_parsed PASSED [ 99%]
tests/unit/test_validate_ledger.py::TestParseServices::test_start_cmd_captured PASSED [ 99%]
tests/unit/test_validate_ledger.py::TestParseServices::test_start_cmd_none_for_virtual PASSED [ 99%]
tests/unit/test_validate_ledger.py::TestParseServices::test_invalid_service_dict_raises PASSED [ 99%]
tests/unit/test_validate_ledger.py::TestParseServices::test_invalid_port_type_raises PASSED [ 99%]
tests/unit/test_validate_ledger.py::TestParseServices::test_depends_on_not_list_raises PASSED [ 99%]
tests/unit/test_validate_ledger.py::TestValidateBasic::test_no_errors_on_valid_ledger PASSED [ 99%]
tests/unit/test_validate_ledger.py::TestValidateBasic::test_port_conflict_detected PASSED [ 99%]
tests/unit/test_validate_ledger.py::TestValidateBasic::test_virtual_service_skips_port_conflict PASSED [ 99%]
tests/unit/test_validate_ledger.py::TestValidateBasic::test_unknown_depends_on PASSED [ 99%]
tests/unit/test_validate_ledger.py::TestValidateBasic::test_missing_required_core_service PASSED [ 99%]
tests/unit/test_validate_ledger.py::TestValidateBasic::test_enabled_no_port_or_url PASSED [ 99%]
tests/unit/test_validate_ledger.py::TestValidateTierIntegrity::test_no_violations_on_valid PASSED [ 99%]
tests/unit/test_validate_ledger.py::TestValidateTierIntegrity::test_core_depends_on_optional_is_violation PASSED [ 99%]
tests/unit/test_validate_ledger.py::TestValidateTierIntegrity::test_high_priority_tier_depends_on_lower_is_violation PASSED [ 99%]
tests/unit/test_validate_ledger.py::TestValidateTierIntegrity::test_lower_priority_depending_on_higher_is_ok PASSED [ 99%]
tests/unit/test_vision_llm_simple.py::test_vision_llm_single_page PASSED [100%]

================================== FAILURES ===================================
___________ TestCheckPythonPackages.test_expected_packages_present ____________
tests\unit\test_trinity_tool_analysis.py:103: in test_expected_packages_present
    result = self.ta.check_python_packages()
             ^^^^^^^^^^^^^^^^^^^^^^^^^^^^^^^
tools\trinity_tool_analysis.py:78: in check_python_packages
    module = __import__(package)
             ^^^^^^^^^^^^^^^^^^^
..\.venv\Lib\site-packages\torch\__init__.py:2699: in <module>
    class _TritonLibrary:
..\.venv\Lib\site-packages\torch\__init__.py:2700: in _TritonLibrary
    lib = torch.library.Library("triton", "DEF")
          ^^^^^^^^^^^^^^^^^^^^^^^^^^^^^^^^^^^^^^
..\.venv\Lib\site-packages\torch\library.py:109: in __init__
    self.m: Optional[Any] = torch._C._dispatch_library(
E   RuntimeError: Only a single TORCH_LIBRARY can be used to register the namespace triton; please put all of your definitions in a single TORCH_LIBRARY block.  If you were trying to specify implementations, consider using TORCH_LIBRARY_IMPL (which can be duplicated).  If you really intended to define operators for a single namespace in a distributed way, you can use TORCH_LIBRARY_FRAGMENT to explicitly indicate this.  Previous registration of TORCH_LIBRARY was registered at C:\Users\mana4\Desktop\.venv\Lib\site-packages\torch\__init__.py:2700; latest registration was registered at C:\Users\mana4\Desktop\.venv\Lib\site-packages\torch\__init__.py:2700
_________ TestCheckPythonPackages.test_each_entry_has_installed_bool __________
tests\unit\test_trinity_tool_analysis.py:108: in test_each_entry_has_installed_bool
    result = self.ta.check_python_packages()
             ^^^^^^^^^^^^^^^^^^^^^^^^^^^^^^^
tools\trinity_tool_analysis.py:78: in check_python_packages
    module = __import__(package)
             ^^^^^^^^^^^^^^^^^^^
..\.venv\Lib\site-packages\torch\__init__.py:2699: in <module>
    class _TritonLibrary:
..\.venv\Lib\site-packages\torch\__init__.py:2700: in _TritonLibrary
    lib = torch.library.Library("triton", "DEF")
          ^^^^^^^^^^^^^^^^^^^^^^^^^^^^^^^^^^^^^^
..\.venv\Lib\site-packages\torch\library.py:109: in __init__
    self.m: Optional[Any] = torch._C._dispatch_library(
E   RuntimeError: Only a single TORCH_LIBRARY can be used to register the namespace triton; please put all of your definitions in a single TORCH_LIBRARY block.  If you were trying to specify implementations, consider using TORCH_LIBRARY_IMPL (which can be duplicated).  If you really intended to define operators for a single namespace in a distributed way, you can use TORCH_LIBRARY_FRAGMENT to explicitly indicate this.  Previous registration of TORCH_LIBRARY was registered at C:\Users\mana4\Desktop\.venv\Lib\site-packages\torch\__init__.py:2700; latest registration was registered at C:\Users\mana4\Desktop\.venv\Lib\site-packages\torch\__init__.py:2700
___________ TestCheckPythonPackages.test_each_entry_has_version_key ___________
tests\unit\test_trinity_tool_analysis.py:114: in test_each_entry_has_version_key
    result = self.ta.check_python_packages()
             ^^^^^^^^^^^^^^^^^^^^^^^^^^^^^^^
tools\trinity_tool_analysis.py:78: in check_python_packages
    module = __import__(package)
             ^^^^^^^^^^^^^^^^^^^
..\.venv\Lib\site-packages\torch\__init__.py:2699: in <module>
    class _TritonLibrary:
..\.venv\Lib\site-packages\torch\__init__.py:2700: in _TritonLibrary
    lib = torch.library.Library("triton", "DEF")
          ^^^^^^^^^^^^^^^^^^^^^^^^^^^^^^^^^^^^^^
..\.venv\Lib\site-packages\torch\library.py:109: in __init__
    self.m: Optional[Any] = torch._C._dispatch_library(
E   RuntimeError: Only a single TORCH_LIBRARY can be used to register the namespace triton; please put all of your definitions in a single TORCH_LIBRARY block.  If you were trying to specify implementations, consider using TORCH_LIBRARY_IMPL (which can be duplicated).  If you really intended to define operators for a single namespace in a distributed way, you can use TORCH_LIBRARY_FRAGMENT to explicitly indicate this.  Previous registration of TORCH_LIBRARY was registered at C:\Users\mana4\Desktop\.venv\Lib\site-packages\torch\__init__.py:2700; latest registration was registered at C:\Users\mana4\Desktop\.venv\Lib\site-packages\torch\__init__.py:2700
___________ TestCheckPythonPackages.test_each_entry_has_description ___________
tests\unit\test_trinity_tool_analysis.py:119: in test_each_entry_has_description
    result = self.ta.check_python_packages()
             ^^^^^^^^^^^^^^^^^^^^^^^^^^^^^^^
tools\trinity_tool_analysis.py:78: in check_python_packages
    module = __import__(package)
             ^^^^^^^^^^^^^^^^^^^
..\.venv\Lib\site-packages\torch\__init__.py:2699: in <module>
    class _TritonLibrary:
..\.venv\Lib\site-packages\torch\__init__.py:2700: in _TritonLibrary
    lib = torch.library.Library("triton", "DEF")
          ^^^^^^^^^^^^^^^^^^^^^^^^^^^^^^^^^^^^^^
..\.venv\Lib\site-packages\torch\library.py:109: in __init__
    self.m: Optional[Any] = torch._C._dispatch_library(
E   RuntimeError: Only a single TORCH_LIBRARY can be used to register the namespace triton; please put all of your definitions in a single TORCH_LIBRARY block.  If you were trying to specify implementations, consider using TORCH_LIBRARY_IMPL (which can be duplicated).  If you really intended to define operators for a single namespace in a distributed way, you can use TORCH_LIBRARY_FRAGMENT to explicitly indicate this.  Previous registration of TORCH_LIBRARY was registered at C:\Users\mana4\Desktop\.venv\Lib\site-packages\torch\__init__.py:2700; latest registration was registered at C:\Users\mana4\Desktop\.venv\Lib\site-packages\torch\__init__.py:2700
_____ TestCheckPythonPackages.test_mock_installed_package_via_sys_modules _____
tests\unit\test_trinity_tool_analysis.py:128: in test_mock_installed_package_via_sys_modules
    result = self.ta.check_python_packages()
             ^^^^^^^^^^^^^^^^^^^^^^^^^^^^^^^
tools\trinity_tool_analysis.py:78: in check_python_packages
    module = __import__(package)
             ^^^^^^^^^^^^^^^^^^^
..\.venv\Lib\site-packages\torch\__init__.py:2699: in <module>
    class _TritonLibrary:
..\.venv\Lib\site-packages\torch\__init__.py:2700: in _TritonLibrary
    lib = torch.library.Library("triton", "DEF")
          ^^^^^^^^^^^^^^^^^^^^^^^^^^^^^^^^^^^^^^
..\.venv\Lib\site-packages\torch\library.py:109: in __init__
    self.m: Optional[Any] = torch._C._dispatch_library(
E   RuntimeError: Only a single TORCH_LIBRARY can be used to register the namespace triton; please put all of your definitions in a single TORCH_LIBRARY block.  If you were trying to specify implementations, consider using TORCH_LIBRARY_IMPL (which can be duplicated).  If you really intended to define operators for a single namespace in a distributed way, you can use TORCH_LIBRARY_FRAGMENT to explicitly indicate this.  Previous registration of TORCH_LIBRARY was registered at C:\Users\mana4\Desktop\.venv\Lib\site-packages\torch\__init__.py:2700; latest registration was registered at C:\Users\mana4\Desktop\.venv\Lib\site-packages\torch\__init__.py:2700
____ TestCheckPythonPackages.test_mock_uninstalled_package_via_sys_modules ____
tests\unit\test_trinity_tool_analysis.py:139: in test_mock_uninstalled_package_via_sys_modules
    result = self.ta.check_python_packages()
             ^^^^^^^^^^^^^^^^^^^^^^^^^^^^^^^
tools\trinity_tool_analysis.py:78: in check_python_packages
    module = __import__(package)
             ^^^^^^^^^^^^^^^^^^^
..\.venv\Lib\site-packages\torch\__init__.py:2699: in <module>
    class _TritonLibrary:
..\.venv\Lib\site-packages\torch\__init__.py:2700: in _TritonLibrary
    lib = torch.library.Library("triton", "DEF")
          ^^^^^^^^^^^^^^^^^^^^^^^^^^^^^^^^^^^^^^
..\.venv\Lib\site-packages\torch\library.py:109: in __init__
    self.m: Optional[Any] = torch._C._dispatch_library(
E   RuntimeError: Only a single TORCH_LIBRARY can be used to register the namespace triton; please put all of your definitions in a single TORCH_LIBRARY block.  If you were trying to specify implementations, consider using TORCH_LIBRARY_IMPL (which can be duplicated).  If you really intended to define operators for a single namespace in a distributed way, you can use TORCH_LIBRARY_FRAGMENT to explicitly indicate this.  Previous registration of TORCH_LIBRARY was registered at C:\Users\mana4\Desktop\.venv\Lib\site-packages\torch\__init__.py:2700; latest registration was registered at C:\Users\mana4\Desktop\.venv\Lib\site-packages\torch\__init__.py:2700
=========================== short test summary info ===========================
FAILED tests/unit/test_trinity_tool_analysis.py::TestCheckPythonPackages::test_expected_packages_present
FAILED tests/unit/test_trinity_tool_analysis.py::TestCheckPythonPackages::test_each_entry_has_installed_bool
FAILED tests/unit/test_trinity_tool_analysis.py::TestCheckPythonPackages::test_each_entry_has_version_key
FAILED tests/unit/test_trinity_tool_analysis.py::TestCheckPythonPackages::test_each_entry_has_description
FAILED tests/unit/test_trinity_tool_analysis.py::TestCheckPythonPackages::test_mock_installed_package_via_sys_modules
FAILED tests/unit/test_trinity_tool_analysis.py::TestCheckPythonPackages::test_mock_uninstalled_package_via_sys_modules
========== 6 failed, 4822 passed, 241 warnings in 500.74s (0:08:20) ===========
